This file contains any messages produced by compilers while
running configure, to aid debugging if configure makes a mistake.

It was created by savanc-sample-src configure 1.1.0, which was
generated by GNU Autoconf 2.69.  Invocation command line was

  $ ./configure --disable-option-checking --prefix=/usr/local/wsf_c CC=gcc-4.4 --cache-file=/dev/null --srcdir=.

## --------- ##
## Platform. ##
## --------- ##

hostname = kroknet-lab
uname -m = x86_64
uname -r = 3.16.0-30-generic
uname -s = Linux
uname -v = #40~14.04.1-Ubuntu SMP Thu Jan 15 17:43:14 UTC 2015

/usr/bin/uname -p = unknown
/bin/uname -X     = unknown

/bin/arch              = unknown
/usr/bin/arch -k       = unknown
/usr/convex/getsysinfo = unknown
/usr/bin/hostinfo      = unknown
/bin/machine           = unknown
/usr/bin/oslevel       = unknown
/bin/universe          = unknown

PATH: /usr/local/sbin
PATH: /usr/local/bin
PATH: /usr/sbin
PATH: /usr/bin
PATH: /sbin
PATH: /bin


## ----------- ##
## Core tests. ##
## ----------- ##

configure:2389: checking build system type
configure:2403: result: x86_64-unknown-linux-gnu
configure:2423: checking host system type
configure:2436: result: x86_64-unknown-linux-gnu
configure:2456: checking target system type
configure:2469: result: x86_64-unknown-linux-gnu
configure:2514: checking for a BSD-compatible install
configure:2582: result: /usr/bin/install -c
configure:2593: checking whether build environment is sane
configure:2648: result: yes
configure:2799: checking for a thread-safe mkdir -p
configure:2838: result: /bin/mkdir -p
configure:2845: checking for gawk
configure:2861: found /usr/bin/gawk
configure:2872: result: gawk
configure:2883: checking whether make sets $(MAKE)
configure:2905: result: yes
configure:2934: checking whether make supports nested variables
configure:2951: result: yes
configure:3127: checking for gcc
configure:3154: result: gcc-4.4
configure:3383: checking for C compiler version
configure:3392: gcc-4.4 --version >&5
gcc-4.4 (Ubuntu/Linaro 4.4.7-8ubuntu1) 4.4.7
Copyright (C) 2010 Free Software Foundation, Inc.
This is free software; see the source for copying conditions.  There is NO
warranty; not even for MERCHANTABILITY or FITNESS FOR A PARTICULAR PURPOSE.

configure:3403: $? = 0
configure:3392: gcc-4.4 -v >&5
Using built-in specs.
Target: x86_64-linux-gnu
Configured with: ../src/configure -v --with-pkgversion='Ubuntu/Linaro 4.4.7-8ubuntu1' --with-bugurl=file:///usr/share/doc/gcc-4.4/README.Bugs --enable-languages=c,c++,fortran --prefix=/usr --program-suffix=-4.4 --enable-shared --enable-linker-build-id --with-system-zlib --libexecdir=/usr/lib --without-included-gettext --enable-threads=posix --with-gxx-include-dir=/usr/include/c++/4.4 --libdir=/usr/lib --enable-nls --with-sysroot=/ --enable-clocale=gnu --enable-libstdcxx-debug --disable-libmudflap --disable-werror --with-arch-32=i686 --with-tune=generic --enable-checking=release --build=x86_64-linux-gnu --host=x86_64-linux-gnu --target=x86_64-linux-gnu
Thread model: posix
gcc version 4.4.7 (Ubuntu/Linaro 4.4.7-8ubuntu1) 
configure:3403: $? = 0
configure:3392: gcc-4.4 -V >&5
gcc-4.4: '-V' option must have argument
configure:3403: $? = 1
configure:3392: gcc-4.4 -qversion >&5
gcc-4.4: unrecognized option '-qversion'
gcc-4.4: no input files
configure:3403: $? = 1
configure:3423: checking whether the C compiler works
configure:3445: gcc-4.4    conftest.c  >&5
configure:3449: $? = 0
configure:3497: result: yes
configure:3500: checking for C compiler default output file name
configure:3502: result: a.out
configure:3508: checking for suffix of executables
configure:3515: gcc-4.4 -o conftest    conftest.c  >&5
configure:3519: $? = 0
configure:3541: result: 
configure:3563: checking whether we are cross compiling
configure:3571: gcc-4.4 -o conftest    conftest.c  >&5
configure:3575: $? = 0
configure:3582: ./conftest
configure:3586: $? = 0
configure:3601: result: no
configure:3606: checking for suffix of object files
configure:3628: gcc-4.4 -c   conftest.c >&5
configure:3632: $? = 0
configure:3653: result: o
configure:3657: checking whether we are using the GNU C compiler
configure:3676: gcc-4.4 -c   conftest.c >&5
configure:3676: $? = 0
configure:3685: result: yes
configure:3694: checking whether gcc-4.4 accepts -g
configure:3714: gcc-4.4 -c -g  conftest.c >&5
configure:3714: $? = 0
configure:3755: result: yes
configure:3772: checking for gcc-4.4 option to accept ISO C89
configure:3835: gcc-4.4  -c -g -O2  conftest.c >&5
configure:3835: $? = 0
configure:3848: result: none needed
configure:3873: checking whether gcc-4.4 understands -c and -o together
configure:3895: gcc-4.4 -c conftest.c -o conftest2.o
configure:3898: $? = 0
configure:3895: gcc-4.4 -c conftest.c -o conftest2.o
configure:3898: $? = 0
configure:3910: result: yes
configure:3938: checking for style of include used by make
configure:3966: result: GNU
configure:3992: checking dependency style of gcc-4.4
configure:4103: result: gcc3
configure:4176: checking for g++
configure:4192: found /usr/bin/g++
configure:4203: result: g++
configure:4230: checking for C++ compiler version
configure:4239: g++ --version >&5
g++ (Ubuntu 4.8.2-19ubuntu1) 4.8.2
Copyright (C) 2013 Free Software Foundation, Inc.
This is free software; see the source for copying conditions.  There is NO
warranty; not even for MERCHANTABILITY or FITNESS FOR A PARTICULAR PURPOSE.

configure:4250: $? = 0
configure:4239: g++ -v >&5
Using built-in specs.
COLLECT_GCC=g++
COLLECT_LTO_WRAPPER=/usr/lib/gcc/x86_64-linux-gnu/4.8/lto-wrapper
Target: x86_64-linux-gnu
Configured with: ../src/configure -v --with-pkgversion='Ubuntu 4.8.2-19ubuntu1' --with-bugurl=file:///usr/share/doc/gcc-4.8/README.Bugs --enable-languages=c,c++,java,go,d,fortran,objc,obj-c++ --prefix=/usr --program-suffix=-4.8 --enable-shared --enable-linker-build-id --libexecdir=/usr/lib --without-included-gettext --enable-threads=posix --with-gxx-include-dir=/usr/include/c++/4.8 --libdir=/usr/lib --enable-nls --with-sysroot=/ --enable-clocale=gnu --enable-libstdcxx-debug --enable-libstdcxx-time=yes --enable-gnu-unique-object --disable-libmudflap --enable-plugin --with-system-zlib --disable-browser-plugin --enable-java-awt=gtk --enable-gtk-cairo --with-java-home=/usr/lib/jvm/java-1.5.0-gcj-4.8-amd64/jre --enable-java-home --with-jvm-root-dir=/usr/lib/jvm/java-1.5.0-gcj-4.8-amd64 --with-jvm-jar-dir=/usr/lib/jvm-exports/java-1.5.0-gcj-4.8-amd64 --with-arch-directory=amd64 --with-ecj-jar=/usr/share/java/eclipse-ecj.jar --enable-objc-gc --enable-multiarch --disable-werror --with-arch-32=i686 --with-abi=m64 --with-multilib-list=m32,m64,mx32 --with-tune=generic --enable-checking=release --build=x86_64-linux-gnu --host=x86_64-linux-gnu --target=x86_64-linux-gnu
Thread model: posix
gcc version 4.8.2 (Ubuntu 4.8.2-19ubuntu1) 
configure:4250: $? = 0
configure:4239: g++ -V >&5
g++: error: unrecognized command line option '-V'
g++: fatal error: no input files
compilation terminated.
configure:4250: $? = 4
configure:4239: g++ -qversion >&5
g++: error: unrecognized command line option '-qversion'
g++: fatal error: no input files
compilation terminated.
configure:4250: $? = 4
configure:4254: checking whether we are using the GNU C++ compiler
configure:4273: g++ -c   conftest.cpp >&5
configure:4273: $? = 0
configure:4282: result: yes
configure:4291: checking whether g++ accepts -g
configure:4311: g++ -c -g  conftest.cpp >&5
configure:4311: $? = 0
configure:4352: result: yes
configure:4377: checking dependency style of g++
configure:4488: result: gcc3
configure:4508: checking how to run the C preprocessor
configure:4539: gcc-4.4 -E  conftest.c
configure:4539: $? = 0
configure:4553: gcc-4.4 -E  conftest.c
conftest.c:11: fatal error: ac_nonexistent.h: No such file or directory
compilation terminated.
configure:4553: $? = 1
configure: failed program was:
| /* confdefs.h */
| #define PACKAGE_NAME "savanc-sample-src"
| #define PACKAGE_TARNAME "savanc-sample-src"
| #define PACKAGE_VERSION "1.1.0"
| #define PACKAGE_STRING "savanc-sample-src 1.1.0"
| #define PACKAGE_BUGREPORT ""
| #define PACKAGE_URL ""
| #define PACKAGE "savanc-sample-src"
| #define VERSION "1.1.0"
| /* end confdefs.h.  */
| #include <ac_nonexistent.h>
configure:4578: result: gcc-4.4 -E
configure:4598: gcc-4.4 -E  conftest.c
configure:4598: $? = 0
configure:4612: gcc-4.4 -E  conftest.c
conftest.c:11: fatal error: ac_nonexistent.h: No such file or directory
compilation terminated.
configure:4612: $? = 1
configure: failed program was:
| /* confdefs.h */
| #define PACKAGE_NAME "savanc-sample-src"
| #define PACKAGE_TARNAME "savanc-sample-src"
| #define PACKAGE_VERSION "1.1.0"
| #define PACKAGE_STRING "savanc-sample-src 1.1.0"
| #define PACKAGE_BUGREPORT ""
| #define PACKAGE_URL ""
| #define PACKAGE "savanc-sample-src"
| #define VERSION "1.1.0"
| /* end confdefs.h.  */
| #include <ac_nonexistent.h>
configure:4686: checking how to print strings
configure:4713: result: printf
configure:4734: checking for a sed that does not truncate output
configure:4798: result: /bin/sed
configure:4816: checking for grep that handles long lines and -e
configure:4874: result: /bin/grep
configure:4879: checking for egrep
configure:4941: result: /bin/grep -E
configure:4946: checking for fgrep
configure:5008: result: /bin/grep -F
configure:5043: checking for ld used by gcc-4.4
configure:5110: result: /usr/bin/ld
configure:5117: checking if the linker (/usr/bin/ld) is GNU ld
configure:5132: result: yes
configure:5144: checking for BSD- or MS-compatible name lister (nm)
configure:5193: result: /usr/bin/nm -B
configure:5323: checking the name lister (/usr/bin/nm -B) interface
configure:5330: gcc-4.4 -c -g -O2  conftest.c >&5
configure:5333: /usr/bin/nm -B "conftest.o"
configure:5336: output
0000000000000000 B some_variable
configure:5343: result: BSD nm
configure:5346: checking whether ln -s works
configure:5350: result: yes
configure:5358: checking the maximum length of command line arguments
configure:5489: result: 1572864
configure:5506: checking whether the shell understands some XSI constructs
configure:5516: result: yes
configure:5520: checking whether the shell understands "+="
configure:5526: result: yes
configure:5561: checking how to convert x86_64-unknown-linux-gnu file names to x86_64-unknown-linux-gnu format
configure:5601: result: func_convert_file_noop
configure:5608: checking how to convert x86_64-unknown-linux-gnu file names to toolchain format
configure:5628: result: func_convert_file_noop
configure:5635: checking for /usr/bin/ld option to reload object files
configure:5642: result: -r
configure:5716: checking for objdump
configure:5732: found /usr/bin/objdump
configure:5743: result: objdump
configure:5775: checking how to recognize dependent libraries
configure:5973: result: pass_all
configure:6058: checking for dlltool
configure:6088: result: no
configure:6118: checking how to associate runtime and link libraries
configure:6145: result: printf %s\n
configure:6206: checking for ar
configure:6222: found /usr/bin/ar
configure:6233: result: ar
configure:6270: checking for archiver @FILE support
configure:6287: gcc-4.4 -c -g -O2  conftest.c >&5
configure:6287: $? = 0
configure:6290: ar cru libconftest.a @conftest.lst >&5
configure:6293: $? = 0
configure:6298: ar cru libconftest.a @conftest.lst >&5
ar: conftest.o: No such file or directory
configure:6301: $? = 1
configure:6313: result: @
configure:6371: checking for strip
configure:6387: found /usr/bin/strip
configure:6398: result: strip
configure:6470: checking for ranlib
configure:6486: found /usr/bin/ranlib
configure:6497: result: ranlib
configure:6599: checking command to parse /usr/bin/nm -B output from gcc-4.4 object
configure:6719: gcc-4.4 -c -g -O2  conftest.c >&5
configure:6722: $? = 0
configure:6726: /usr/bin/nm -B conftest.o \| sed -n -e 's/^.*[ ]\([ABCDGIRSTW][ABCDGIRSTW]*\)[ ][ ]*\([_A-Za-z][_A-Za-z0-9]*\)$/\1 \2 \2/p' | sed '/ __gnu_lto/d' \> conftest.nm
configure:6729: $? = 0
configure:6795: gcc-4.4 -o conftest -g -O2   conftest.c conftstm.o >&5
configure:6798: $? = 0
configure:6836: result: ok
configure:6873: checking for sysroot
configure:6903: result: no
configure:6980: gcc-4.4 -c -g -O2  conftest.c >&5
configure:6983: $? = 0
configure:7172: checking for mt
configure:7188: found /bin/mt
configure:7199: result: mt
configure:7222: checking if mt is a manifest tool
configure:7228: mt '-?'
configure:7236: result: no
configure:7874: checking for ANSI C header files
configure:7894: gcc-4.4 -c -g -O2  conftest.c >&5
configure:7894: $? = 0
configure:7967: gcc-4.4 -o conftest -g -O2   conftest.c  >&5
configure:7967: $? = 0
configure:7967: ./conftest
configure:7967: $? = 0
configure:7978: result: yes
configure:7991: checking for sys/types.h
configure:7991: gcc-4.4 -c -g -O2  conftest.c >&5
configure:7991: $? = 0
configure:7991: result: yes
configure:7991: checking for sys/stat.h
configure:7991: gcc-4.4 -c -g -O2  conftest.c >&5
configure:7991: $? = 0
configure:7991: result: yes
configure:7991: checking for stdlib.h
configure:7991: gcc-4.4 -c -g -O2  conftest.c >&5
configure:7991: $? = 0
configure:7991: result: yes
configure:7991: checking for string.h
configure:7991: gcc-4.4 -c -g -O2  conftest.c >&5
configure:7991: $? = 0
configure:7991: result: yes
configure:7991: checking for memory.h
configure:7991: gcc-4.4 -c -g -O2  conftest.c >&5
configure:7991: $? = 0
configure:7991: result: yes
configure:7991: checking for strings.h
configure:7991: gcc-4.4 -c -g -O2  conftest.c >&5
configure:7991: $? = 0
configure:7991: result: yes
configure:7991: checking for inttypes.h
configure:7991: gcc-4.4 -c -g -O2  conftest.c >&5
configure:7991: $? = 0
configure:7991: result: yes
configure:7991: checking for stdint.h
configure:7991: gcc-4.4 -c -g -O2  conftest.c >&5
configure:7991: $? = 0
configure:7991: result: yes
configure:7991: checking for unistd.h
configure:7991: gcc-4.4 -c -g -O2  conftest.c >&5
configure:7991: $? = 0
configure:7991: result: yes
configure:8005: checking for dlfcn.h
configure:8005: gcc-4.4 -c -g -O2  conftest.c >&5
configure:8005: $? = 0
configure:8005: result: yes
configure:8222: checking for objdir
configure:8237: result: .libs
configure:8504: checking if gcc-4.4 supports -fno-rtti -fno-exceptions
configure:8522: gcc-4.4 -c -g -O2  -fno-rtti -fno-exceptions conftest.c >&5
cc1: warning: command line option "-fno-rtti" is valid for C++/ObjC++ but not for C
configure:8526: $? = 0
configure:8539: result: no
configure:8866: checking for gcc-4.4 option to produce PIC
configure:8873: result: -fPIC -DPIC
configure:8881: checking if gcc-4.4 PIC flag -fPIC -DPIC works
configure:8899: gcc-4.4 -c -g -O2  -fPIC -DPIC -DPIC conftest.c >&5
configure:8903: $? = 0
configure:8916: result: yes
configure:8945: checking if gcc-4.4 static flag -static works
configure:8973: result: yes
configure:8988: checking if gcc-4.4 supports -c -o file.o
configure:9009: gcc-4.4 -c -g -O2  -o out/conftest2.o conftest.c >&5
configure:9013: $? = 0
configure:9035: result: yes
configure:9043: checking if gcc-4.4 supports -c -o file.o
configure:9090: result: yes
configure:9123: checking whether the gcc-4.4 linker (/usr/bin/ld -m elf_x86_64) supports shared libraries
configure:10280: result: yes
configure:10317: checking whether -lc should be explicitly linked in
configure:10325: gcc-4.4 -c -g -O2  conftest.c >&5
configure:10328: $? = 0
configure:10343: gcc-4.4 -shared  -fPIC -DPIC conftest.o  -v -Wl,-soname -Wl,conftest -o conftest 2\>\&1 \| /bin/grep  -lc  \>/dev/null 2\>\&1
configure:10346: $? = 0
configure:10360: result: no
configure:10520: checking dynamic linker characteristics
configure:11020: gcc-4.4 -o conftest -g -O2   -Wl,-rpath -Wl,/foo conftest.c  >&5
configure:11020: $? = 0
configure:11254: result: GNU/Linux ld.so
configure:11361: checking how to hardcode library paths into programs
configure:11386: result: immediate
configure:11926: checking whether stripping libraries is possible
configure:11931: result: yes
configure:11966: checking if libtool supports shared libraries
configure:11968: result: yes
configure:11971: checking whether to build shared libraries
configure:11992: result: yes
configure:11995: checking whether to build static libraries
configure:11999: result: yes
configure:12022: checking how to run the C++ preprocessor
configure:12049: g++ -E  conftest.cpp
configure:12049: $? = 0
configure:12063: g++ -E  conftest.cpp
conftest.cpp:23:28: fatal error: ac_nonexistent.h: No such file or directory
 #include <ac_nonexistent.h>
                            ^
compilation terminated.
configure:12063: $? = 1
configure: failed program was:
| /* confdefs.h */
| #define PACKAGE_NAME "savanc-sample-src"
| #define PACKAGE_TARNAME "savanc-sample-src"
| #define PACKAGE_VERSION "1.1.0"
| #define PACKAGE_STRING "savanc-sample-src 1.1.0"
| #define PACKAGE_BUGREPORT ""
| #define PACKAGE_URL ""
| #define PACKAGE "savanc-sample-src"
| #define VERSION "1.1.0"
| #define STDC_HEADERS 1
| #define HAVE_SYS_TYPES_H 1
| #define HAVE_SYS_STAT_H 1
| #define HAVE_STDLIB_H 1
| #define HAVE_STRING_H 1
| #define HAVE_MEMORY_H 1
| #define HAVE_STRINGS_H 1
| #define HAVE_INTTYPES_H 1
| #define HAVE_STDINT_H 1
| #define HAVE_UNISTD_H 1
| #define HAVE_DLFCN_H 1
| #define LT_OBJDIR ".libs/"
| /* end confdefs.h.  */
| #include <ac_nonexistent.h>
configure:12088: result: g++ -E
configure:12108: g++ -E  conftest.cpp
configure:12108: $? = 0
configure:12122: g++ -E  conftest.cpp
conftest.cpp:23:28: fatal error: ac_nonexistent.h: No such file or directory
 #include <ac_nonexistent.h>
                            ^
compilation terminated.
configure:12122: $? = 1
configure: failed program was:
| /* confdefs.h */
| #define PACKAGE_NAME "savanc-sample-src"
| #define PACKAGE_TARNAME "savanc-sample-src"
| #define PACKAGE_VERSION "1.1.0"
| #define PACKAGE_STRING "savanc-sample-src 1.1.0"
| #define PACKAGE_BUGREPORT ""
| #define PACKAGE_URL ""
| #define PACKAGE "savanc-sample-src"
| #define VERSION "1.1.0"
| #define STDC_HEADERS 1
| #define HAVE_SYS_TYPES_H 1
| #define HAVE_SYS_STAT_H 1
| #define HAVE_STDLIB_H 1
| #define HAVE_STRING_H 1
| #define HAVE_MEMORY_H 1
| #define HAVE_STRINGS_H 1
| #define HAVE_INTTYPES_H 1
| #define HAVE_STDINT_H 1
| #define HAVE_UNISTD_H 1
| #define HAVE_DLFCN_H 1
| #define LT_OBJDIR ".libs/"
| /* end confdefs.h.  */
| #include <ac_nonexistent.h>
configure:12291: checking for ld used by g++
configure:12358: result: /usr/bin/ld -m elf_x86_64
configure:12365: checking if the linker (/usr/bin/ld -m elf_x86_64) is GNU ld
configure:12380: result: yes
configure:12435: checking whether the g++ linker (/usr/bin/ld -m elf_x86_64) supports shared libraries
configure:13437: result: yes
configure:13473: g++ -c -g -O2  conftest.cpp >&5
configure:13476: $? = 0
configure:13996: checking for g++ option to produce PIC
configure:14003: result: -fPIC -DPIC
configure:14011: checking if g++ PIC flag -fPIC -DPIC works
configure:14029: g++ -c -g -O2  -fPIC -DPIC -DPIC conftest.cpp >&5
configure:14033: $? = 0
configure:14046: result: yes
configure:14069: checking if g++ static flag -static works
configure:14097: result: yes
configure:14109: checking if g++ supports -c -o file.o
configure:14130: g++ -c -g -O2  -o out/conftest2.o conftest.cpp >&5
configure:14134: $? = 0
configure:14156: result: yes
configure:14161: checking if g++ supports -c -o file.o
configure:14208: result: yes
configure:14238: checking whether the g++ linker (/usr/bin/ld -m elf_x86_64) supports shared libraries
configure:14277: result: yes
configure:14418: checking dynamic linker characteristics
configure:15086: result: GNU/Linux ld.so
configure:15139: checking how to hardcode library paths into programs
configure:15164: result: immediate
configure:15226: checking whether ln -s works
configure:15230: result: yes
configure:15237: checking whether make sets $(MAKE)
configure:15259: result: yes
configure:15269: checking for ISO C99 varargs macros in C
configure:15286: gcc-4.4 -c -g -O2  conftest.c >&5
configure:15286: $? = 0
configure:15292: result: yes
configure:15295: checking for GNUC varargs macros
configure:15312: gcc-4.4 -c -g -O2  conftest.c >&5
configure:15312: $? = 0
configure:15318: result: yes
configure:15332: checking for dlopen in -ldl
configure:15357: gcc-4.4 -o conftest -g -O2   conftest.c -ldl   >&5
configure:15357: $? = 0
configure:15366: result: yes
configure:15381: checking for ANSI C header files
configure:15485: result: yes
configure:15496: checking stdio.h usability
configure:15496: gcc-4.4 -c -g -O2 -ansi -Wall -D_LARGEFILE64_SOURCE   conftest.c >&5
configure:15496: $? = 0
configure:15496: result: yes
configure:15496: checking stdio.h presence
configure:15496: gcc-4.4 -E  conftest.c
configure:15496: $? = 0
configure:15496: result: yes
configure:15496: checking for stdio.h
configure:15496: result: yes
configure:15496: checking for stdlib.h
configure:15496: result: yes
configure:15496: checking for string.h
configure:15496: result: yes
configure:15507: checking for an ANSI C-conforming const
configure:15573: gcc-4.4 -c -g -O2 -ansi -Wall -D_LARGEFILE64_SOURCE   conftest.c >&5
configure:15573: $? = 0
configure:15580: result: yes
configure:15592: checking To Use Axis2 C . This is a compulsory module to build Axis2 C samples
configure:15615: result: no
configure:15621: checking To Use Savan C . This is a compulsory module to build Savan C samples
configure:15644: result: no
configure:15772: checking that generated files are newer than configure
configure:15778: result: done
configure:15805: creating ./config.status

## ---------------------- ##
## Running config.status. ##
## ---------------------- ##

This file was extended by savanc-sample-src config.status 1.1.0, which was
generated by GNU Autoconf 2.69.  Invocation command line was

  CONFIG_FILES    = 
  CONFIG_HEADERS  = 
  CONFIG_LINKS    = 
  CONFIG_COMMANDS = 
  $ ./config.status 

on kroknet-lab

config.status:1166: creating Makefile
config.status:1166: creating server/Makefile
config.status:1166: creating server/weather/Makefile
config.status:1166: creating server/listener/Makefile
config.status:1166: creating client/Makefile
config.status:1166: creating client/subscriber/Makefile
config.status:1166: creating config.h
config.status:1347: config.h is unchanged
config.status:1395: executing depfiles commands
config.status:1395: executing libtool commands

## ---------------- ##
## Cache variables. ##
## ---------------- ##

ac_cv_build=x86_64-unknown-linux-gnu
ac_cv_c_compiler_gnu=yes
ac_cv_c_const=yes
ac_cv_cxx_compiler_gnu=yes
ac_cv_env_CCC_set=
ac_cv_env_CCC_value=
ac_cv_env_CC_set=set
ac_cv_env_CC_value=gcc-4.4
ac_cv_env_CFLAGS_set=
ac_cv_env_CFLAGS_value=
ac_cv_env_CPPFLAGS_set=
ac_cv_env_CPPFLAGS_value=
ac_cv_env_CPP_set=
ac_cv_env_CPP_value=
ac_cv_env_CXXCPP_set=
ac_cv_env_CXXCPP_value=
ac_cv_env_CXXFLAGS_set=
ac_cv_env_CXXFLAGS_value=
ac_cv_env_CXX_set=
ac_cv_env_CXX_value=
ac_cv_env_LDFLAGS_set=
ac_cv_env_LDFLAGS_value=
ac_cv_env_LIBS_set=
ac_cv_env_LIBS_value=
ac_cv_env_build_alias_set=
ac_cv_env_build_alias_value=
ac_cv_env_host_alias_set=
ac_cv_env_host_alias_value=
ac_cv_env_target_alias_set=
ac_cv_env_target_alias_value=
ac_cv_header_dlfcn_h=yes
ac_cv_header_inttypes_h=yes
ac_cv_header_memory_h=yes
ac_cv_header_stdc=yes
ac_cv_header_stdint_h=yes
ac_cv_header_stdio_h=yes
ac_cv_header_stdlib_h=yes
ac_cv_header_string_h=yes
ac_cv_header_strings_h=yes
ac_cv_header_sys_stat_h=yes
ac_cv_header_sys_types_h=yes
ac_cv_header_unistd_h=yes
ac_cv_host=x86_64-unknown-linux-gnu
ac_cv_lib_dl_dlopen=yes
ac_cv_objext=o
ac_cv_path_EGREP='/bin/grep -E'
ac_cv_path_FGREP='/bin/grep -F'
ac_cv_path_GREP=/bin/grep
ac_cv_path_SED=/bin/sed
ac_cv_path_install='/usr/bin/install -c'
ac_cv_path_mkdir=/bin/mkdir
ac_cv_prog_AWK=gawk
ac_cv_prog_CPP='gcc-4.4 -E'
ac_cv_prog_CXXCPP='g++ -E'
ac_cv_prog_ac_ct_AR=ar
ac_cv_prog_ac_ct_CC=gcc-4.4
ac_cv_prog_ac_ct_CXX=g++
ac_cv_prog_ac_ct_MANIFEST_TOOL=mt
ac_cv_prog_ac_ct_OBJDUMP=objdump
ac_cv_prog_ac_ct_RANLIB=ranlib
ac_cv_prog_ac_ct_STRIP=strip
ac_cv_prog_cc_c89=
ac_cv_prog_cc_g=yes
ac_cv_prog_cxx_g=yes
ac_cv_prog_make_make_set=yes
ac_cv_target=x86_64-unknown-linux-gnu
am_cv_CC_dependencies_compiler_type=gcc3
am_cv_CXX_dependencies_compiler_type=gcc3
am_cv_make_support_nested_variables=yes
am_cv_prog_cc_c_o=yes
lt_cv_ar_at_file=@
lt_cv_archive_cmds_need_lc=no
lt_cv_deplibs_check_method=pass_all
lt_cv_file_magic_cmd='$MAGIC_CMD'
lt_cv_file_magic_test_file=
lt_cv_ld_reload_flag=-r
lt_cv_nm_interface='BSD nm'
lt_cv_objdir=.libs
lt_cv_path_LD=/usr/bin/ld
lt_cv_path_LDCXX='/usr/bin/ld -m elf_x86_64'
lt_cv_path_NM='/usr/bin/nm -B'
lt_cv_path_mainfest_tool=no
lt_cv_prog_compiler_c_o=yes
lt_cv_prog_compiler_c_o_CXX=yes
lt_cv_prog_compiler_pic='-fPIC -DPIC'
lt_cv_prog_compiler_pic_CXX='-fPIC -DPIC'
lt_cv_prog_compiler_pic_works=yes
lt_cv_prog_compiler_pic_works_CXX=yes
lt_cv_prog_compiler_rtti_exceptions=no
lt_cv_prog_compiler_static_works=yes
lt_cv_prog_compiler_static_works_CXX=yes
lt_cv_prog_gnu_ld=yes
lt_cv_prog_gnu_ldcxx=yes
lt_cv_sharedlib_from_linklib_cmd='printf %s\n'
lt_cv_shlibpath_overrides_runpath=no
lt_cv_sys_global_symbol_pipe='sed -n -e '\''s/^.*[	 ]\([ABCDGIRSTW][ABCDGIRSTW]*\)[	 ][	 ]*\([_A-Za-z][_A-Za-z0-9]*\)$/\1 \2 \2/p'\'' | sed '\''/ __gnu_lto/d'\'''
lt_cv_sys_global_symbol_to_c_name_address='sed -n -e '\''s/^: \([^ ]*\)[ ]*$/  {\"\1\", (void *) 0},/p'\'' -e '\''s/^[ABCDGIRSTW]* \([^ ]*\) \([^ ]*\)$/  {"\2", (void *) \&\2},/p'\'''
lt_cv_sys_global_symbol_to_c_name_address_lib_prefix='sed -n -e '\''s/^: \([^ ]*\)[ ]*$/  {\"\1\", (void *) 0},/p'\'' -e '\''s/^[ABCDGIRSTW]* \([^ ]*\) \(lib[^ ]*\)$/  {"\2", (void *) \&\2},/p'\'' -e '\''s/^[ABCDGIRSTW]* \([^ ]*\) \([^ ]*\)$/  {"lib\2", (void *) \&\2},/p'\'''
lt_cv_sys_global_symbol_to_cdecl='sed -n -e '\''s/^T .* \(.*\)$/extern int \1();/p'\'' -e '\''s/^[ABCDGIRSTW]* .* \(.*\)$/extern char \1;/p'\'''
lt_cv_sys_max_cmd_len=1572864
lt_cv_to_host_file_cmd=func_convert_file_noop
lt_cv_to_tool_file_cmd=func_convert_file_noop

## ----------------- ##
## Output variables. ##
## ----------------- ##

ACLOCAL='${SHELL} /home/agruet/00_SOURCES/kroknet.io/git/wsf/php/wsf_c/savanc/missing aclocal-1.14'
AMDEPBACKSLASH='\'
AMDEP_FALSE='#'
AMDEP_TRUE=''
AMTAR='$${TAR-tar}'
AM_BACKSLASH='\'
AM_DEFAULT_V='$(AM_DEFAULT_VERBOSITY)'
AM_DEFAULT_VERBOSITY='1'
AM_V='$(V)'
AR='ar'
AUTOCONF='${SHELL} /home/agruet/00_SOURCES/kroknet.io/git/wsf/php/wsf_c/savanc/missing autoconf'
AUTOHEADER='${SHELL} /home/agruet/00_SOURCES/kroknet.io/git/wsf/php/wsf_c/savanc/missing autoheader'
AUTOMAKE='${SHELL} /home/agruet/00_SOURCES/kroknet.io/git/wsf/php/wsf_c/savanc/missing automake-1.14'
AWK='gawk'
AXIS2INC=''
CC='gcc-4.4'
CCDEPMODE='depmode=gcc3'
CFLAGS='-g -O2 -ansi -Wall -D_LARGEFILE64_SOURCE   '
CPP='gcc-4.4 -E'
CPPFLAGS=''
CXX='g++'
CXXCPP='g++ -E'
CXXDEPMODE='depmode=gcc3'
CXXFLAGS='-g -O2'
CYGPATH_W='echo'
DEFS='-DHAVE_CONFIG_H'
DEPDIR='.deps'
DLLTOOL='false'
DSYMUTIL=''
DUMPBIN=''
ECHO_C=''
ECHO_N='-n'
ECHO_T=''
EGREP='/bin/grep -E'
EXEEXT=''
FGREP='/bin/grep -F'
GREP='/bin/grep'
GUTHTHILA_DIR=''
GUTHTHILA_LIBS=''
INSTALL_DATA='${INSTALL} -m 644'
INSTALL_PROGRAM='${INSTALL}'
INSTALL_SCRIPT='${INSTALL}'
INSTALL_STRIP_PROGRAM='$(install_sh) -c -s'
LD='/usr/bin/ld -m elf_x86_64'
LDFLAGS=' -lpthread'
LIBOBJS=''
LIBS='-ldl '
LIBTOOL='$(SHELL) $(top_builddir)/libtool'
LIBXML2_CFLAGS=''
LIBXML2_DIR=''
LIBXML2_LIBS=''
LIPO=''
LN_S='ln -s'
LTLIBOBJS=''
MAKEINFO='${SHELL} /home/agruet/00_SOURCES/kroknet.io/git/wsf/php/wsf_c/savanc/missing makeinfo'
MANIFEST_TOOL=':'
MKDIR_P='/bin/mkdir -p'
NM='/usr/bin/nm -B'
NMEDIT=''
OBJDUMP='objdump'
OBJEXT='o'
OTOOL64=''
OTOOL=''
PACKAGE='savanc-sample-src'
PACKAGE_BUGREPORT=''
PACKAGE_NAME='savanc-sample-src'
PACKAGE_STRING='savanc-sample-src 1.1.0'
PACKAGE_TARNAME='savanc-sample-src'
PACKAGE_URL=''
PACKAGE_VERSION='1.1.0'
PATH_SEPARATOR=':'
RANLIB='ranlib'
SAVANINC=''
SED='/bin/sed'
SET_MAKE=''
SHELL='/bin/bash'
STRIP='strip'
VERSION='1.1.0'
ac_ct_AR='ar'
ac_ct_CC='gcc-4.4'
ac_ct_CXX='g++'
ac_ct_DUMPBIN=''
am__EXEEXT_FALSE=''
am__EXEEXT_TRUE='#'
am__fastdepCC_FALSE='#'
am__fastdepCC_TRUE=''
am__fastdepCXX_FALSE='#'
am__fastdepCXX_TRUE=''
am__include='include'
am__isrc=''
am__leading_dot='.'
am__nodep='_no'
am__quote=''
am__tar='$${TAR-tar} chof - "$$tardir"'
am__untar='$${TAR-tar} xf -'
bindir='${exec_prefix}/bin'
build='x86_64-unknown-linux-gnu'
build_alias=''
build_cpu='x86_64'
build_os='linux-gnu'
build_vendor='unknown'
datadir='${datarootdir}'
datarootdir='${prefix}/share'
docdir='${datarootdir}/doc/${PACKAGE_TARNAME}'
dvidir='${docdir}'
exec_prefix='${prefix}'
host='x86_64-unknown-linux-gnu'
host_alias=''
host_cpu='x86_64'
host_os='linux-gnu'
host_vendor='unknown'
htmldir='${docdir}'
includedir='${prefix}/include'
infodir='${datarootdir}/info'
install_sh='${SHELL} /home/agruet/00_SOURCES/kroknet.io/git/wsf/php/wsf_c/savanc/install-sh'
libdir='${exec_prefix}/lib'
libexecdir='${exec_prefix}/libexec'
localedir='${datarootdir}/locale'
localstatedir='${prefix}/var'
mandir='${datarootdir}/man'
mkdir_p='$(MKDIR_P)'
oldincludedir='/usr/include'
pdfdir='${docdir}'
prefix='/usr/local/wsf_c'
program_transform_name='s,x,x,'
psdir='${docdir}'
sbindir='${exec_prefix}/sbin'
sharedstatedir='${prefix}/com'
sysconfdir='${prefix}/etc'
target='x86_64-unknown-linux-gnu'
target_alias=''
target_cpu='x86_64'
target_os='linux-gnu'
target_vendor='unknown'

## ----------- ##
## confdefs.h. ##
## ----------- ##

/* confdefs.h */
#define PACKAGE_NAME "savanc-sample-src"
#define PACKAGE_TARNAME "savanc-sample-src"
#define PACKAGE_VERSION "1.1.0"
#define PACKAGE_STRING "savanc-sample-src 1.1.0"
#define PACKAGE_BUGREPORT ""
#define PACKAGE_URL ""
#define PACKAGE "savanc-sample-src"
#define VERSION "1.1.0"
#define STDC_HEADERS 1
#define HAVE_SYS_TYPES_H 1
#define HAVE_SYS_STAT_H 1
#define HAVE_STDLIB_H 1
#define HAVE_STRING_H 1
#define HAVE_MEMORY_H 1
#define HAVE_STRINGS_H 1
#define HAVE_INTTYPES_H 1
#define HAVE_STDINT_H 1
#define HAVE_UNISTD_H 1
#define HAVE_DLFCN_H 1
#define LT_OBJDIR ".libs/"
#define HAVE_ISO_VARARGS 1
#define HAVE_GNUC_VARARGS 1
#define HAVE_LIBDL 1
#define STDC_HEADERS 1
#define HAVE_STDIO_H 1
#define HAVE_STDLIB_H 1
#define HAVE_STRING_H 1

configure: exit 0
