This file contains any messages produced by compilers while
running configure, to aid debugging if configure makes a mistake.

It was created by configure, which was
generated by GNU Autoconf 2.69.  Invocation command line was

  $ ./configure --disable-option-checking --prefix=/usr/local/wsf_c CC=gcc-4.4 --cache-file=/dev/null --srcdir=.

## --------- ##
## Platform. ##
## --------- ##

hostname = kroknet-lab
uname -m = x86_64
uname -r = 3.16.0-30-generic
uname -s = Linux
uname -v = #40~14.04.1-Ubuntu SMP Thu Jan 15 17:43:14 UTC 2015

/usr/bin/uname -p = unknown
/bin/uname -X     = unknown

/bin/arch              = unknown
/usr/bin/arch -k       = unknown
/usr/convex/getsysinfo = unknown
/usr/bin/hostinfo      = unknown
/bin/machine           = unknown
/usr/bin/oslevel       = unknown
/bin/universe          = unknown

PATH: /usr/local/sbin
PATH: /usr/local/bin
PATH: /usr/sbin
PATH: /usr/bin
PATH: /sbin
PATH: /bin
PATH: /usr/games
PATH: /usr/local/games


## ----------- ##
## Core tests. ##
## ----------- ##

configure:2077: checking for grep that handles long lines and -e
configure:2135: result: /bin/grep
configure:2140: checking for egrep
configure:2202: result: /bin/grep -E
configure:2207: checking for a sed that does not truncate output
configure:2271: result: /bin/sed
configure:2463: checking for C compiler version
configure:2472: gcc-4.4 --version >&5
gcc-4.4 (Ubuntu/Linaro 4.4.7-8ubuntu1) 4.4.7
Copyright (C) 2010 Free Software Foundation, Inc.
This is free software; see the source for copying conditions.  There is NO
warranty; not even for MERCHANTABILITY or FITNESS FOR A PARTICULAR PURPOSE.

configure:2483: $? = 0
configure:2472: gcc-4.4 -v >&5
Using built-in specs.
Target: x86_64-linux-gnu
Configured with: ../src/configure -v --with-pkgversion='Ubuntu/Linaro 4.4.7-8ubuntu1' --with-bugurl=file:///usr/share/doc/gcc-4.4/README.Bugs --enable-languages=c,c++,fortran --prefix=/usr --program-suffix=-4.4 --enable-shared --enable-linker-build-id --with-system-zlib --libexecdir=/usr/lib --without-included-gettext --enable-threads=posix --with-gxx-include-dir=/usr/include/c++/4.4 --libdir=/usr/lib --enable-nls --with-sysroot=/ --enable-clocale=gnu --enable-libstdcxx-debug --disable-libmudflap --disable-werror --with-arch-32=i686 --with-tune=generic --enable-checking=release --build=x86_64-linux-gnu --host=x86_64-linux-gnu --target=x86_64-linux-gnu
Thread model: posix
gcc version 4.4.7 (Ubuntu/Linaro 4.4.7-8ubuntu1) 
configure:2483: $? = 0
configure:2472: gcc-4.4 -V >&5
gcc-4.4: '-V' option must have argument
configure:2483: $? = 1
configure:2472: gcc-4.4 -qversion >&5
gcc-4.4: unrecognized option '-qversion'
gcc-4.4: no input files
configure:2483: $? = 1
configure:2503: checking whether the C compiler works
configure:2525: gcc-4.4    conftest.c  >&5
configure:2529: $? = 0
configure:2577: result: yes
configure:2580: checking for C compiler default output file name
configure:2582: result: a.out
configure:2588: checking for suffix of executables
configure:2595: gcc-4.4 -o conftest    conftest.c  >&5
configure:2599: $? = 0
configure:2621: result: 
configure:2643: checking whether we are cross compiling
configure:2651: gcc-4.4 -o conftest    conftest.c  >&5
configure:2655: $? = 0
configure:2662: ./conftest
configure:2666: $? = 0
configure:2681: result: no
configure:2686: checking for suffix of object files
configure:2708: gcc-4.4 -c   conftest.c >&5
configure:2712: $? = 0
configure:2733: result: o
configure:2737: checking whether we are using the GNU C compiler
configure:2756: gcc-4.4 -c   conftest.c >&5
configure:2756: $? = 0
configure:2765: result: yes
configure:2774: checking whether gcc-4.4 accepts -g
configure:2794: gcc-4.4 -c -g  conftest.c >&5
configure:2794: $? = 0
configure:2835: result: yes
configure:2852: checking for gcc-4.4 option to accept ISO C89
configure:2915: gcc-4.4  -c -g -O2  conftest.c >&5
configure:2915: $? = 0
configure:2928: result: none needed
configure:2954: checking how to run the C preprocessor
configure:2985: gcc-4.4 -E  conftest.c
configure:2985: $? = 0
configure:2999: gcc-4.4 -E  conftest.c
conftest.c:9: fatal error: ac_nonexistent.h: No such file or directory
compilation terminated.
configure:2999: $? = 1
configure: failed program was:
| /* confdefs.h */
| #define PACKAGE_NAME ""
| #define PACKAGE_TARNAME ""
| #define PACKAGE_VERSION ""
| #define PACKAGE_STRING ""
| #define PACKAGE_BUGREPORT ""
| #define PACKAGE_URL ""
| /* end confdefs.h.  */
| #include <ac_nonexistent.h>
configure:3024: result: gcc-4.4 -E
configure:3044: gcc-4.4 -E  conftest.c
configure:3044: $? = 0
configure:3058: gcc-4.4 -E  conftest.c
conftest.c:9: fatal error: ac_nonexistent.h: No such file or directory
compilation terminated.
configure:3058: $? = 1
configure: failed program was:
| /* confdefs.h */
| #define PACKAGE_NAME ""
| #define PACKAGE_TARNAME ""
| #define PACKAGE_VERSION ""
| #define PACKAGE_STRING ""
| #define PACKAGE_BUGREPORT ""
| #define PACKAGE_URL ""
| /* end confdefs.h.  */
| #include <ac_nonexistent.h>
configure:3089: checking for icc
configure:3098: result: no
configure:3112: checking for suncc
configure:3121: result: no
configure:3136: checking whether gcc-4.4 and cc understand -c and -o together
configure:3167: gcc-4.4 -c conftest.c -o conftest2.o >&5
configure:3171: $? = 0
configure:3177: gcc-4.4 -c conftest.c -o conftest2.o >&5
configure:3181: $? = 0
configure:3192: cc -c conftest.c >&5
configure:3196: $? = 0
configure:3204: cc -c conftest.c -o conftest2.o >&5
configure:3208: $? = 0
configure:3214: cc -c conftest.c -o conftest2.o >&5
configure:3218: $? = 0
configure:3236: result: yes
configure:3250: checking for system library directory
configure:3265: result: lib
configure:3272: checking if compiler supports -R
configure:3291: gcc-4.4 -o conftest -g -O2   conftest.c -R /usr/lib  >&5
gcc-4.4: unrecognized option '-R'
/usr/bin/ld: cannot find /usr/lib: File format not recognized
collect2: ld returned 1 exit status
configure:3291: $? = 1
configure: failed program was:
| /* confdefs.h */
| #define PACKAGE_NAME ""
| #define PACKAGE_TARNAME ""
| #define PACKAGE_VERSION ""
| #define PACKAGE_STRING ""
| #define PACKAGE_BUGREPORT ""
| #define PACKAGE_URL ""
| /* end confdefs.h.  */
| 
| int
| main ()
| {
| 
|   ;
|   return 0;
| }
configure:3301: result: no
configure:3306: checking if compiler supports -Wl,-rpath,
configure:3325: gcc-4.4 -o conftest -g -O2   conftest.c -Wl,-rpath,/usr/lib  >&5
configure:3325: $? = 0
configure:3335: result: yes
configure:3380: checking build system type
configure:3394: result: x86_64-unknown-linux-gnu
configure:3414: checking host system type
configure:3427: result: x86_64-unknown-linux-gnu
configure:3447: checking target system type
configure:3460: result: x86_64-unknown-linux-gnu
configure:3563: checking for PHP prefix
configure:3565: result: /usr
configure:3567: checking for PHP includes
configure:3569: result: -I/usr/include/php5 -I/usr/include/php5/main -I/usr/include/php5/TSRM -I/usr/include/php5/Zend -I/usr/include/php5/ext -I/usr/include/php5/ext/date/lib
configure:3571: checking for PHP extension directory
configure:3573: result: /usr/lib/php5/20131226
configure:3575: checking for PHP installed headers prefix
configure:3577: result: /usr/include/php5
configure:3580: checking if debug is enabled
configure:3606: result: no
configure:3609: checking if zts is enabled
configure:3635: result: no
configure:3706: checking for re2c
configure:3736: result: no
configure:3761: WARNING: You will need re2c 0.13.4 or later if you want to regenerate PHP parsers.
configure:3775: checking for gawk
configure:3792: found /usr/bin/gawk
configure:3803: result: gawk
configure:3846: checking Whether to enable WSF/PHP Support
configure:3885: result: yes, shared
configure:5507: checking how to print strings
configure:5534: result: printf
configure:5555: checking for a sed that does not truncate output
configure:5619: result: /bin/sed
configure:5637: checking for fgrep
configure:5699: result: /bin/grep -F
configure:5734: checking for ld used by gcc-4.4
configure:5801: result: /usr/bin/ld
configure:5808: checking if the linker (/usr/bin/ld) is GNU ld
configure:5823: result: yes
configure:5835: checking for BSD- or MS-compatible name lister (nm)
configure:5884: result: /usr/bin/nm -B
configure:6014: checking the name lister (/usr/bin/nm -B) interface
configure:6021: gcc-4.4 -c -g -O2  conftest.c >&5
configure:6024: /usr/bin/nm -B "conftest.o"
configure:6027: output
0000000000000000 B some_variable
configure:6034: result: BSD nm
configure:6037: checking whether ln -s works
configure:6041: result: yes
configure:6049: checking the maximum length of command line arguments
configure:6180: result: 1572864
configure:6197: checking whether the shell understands some XSI constructs
configure:6207: result: yes
configure:6211: checking whether the shell understands "+="
configure:6217: result: yes
configure:6252: checking how to convert x86_64-unknown-linux-gnu file names to x86_64-unknown-linux-gnu format
configure:6292: result: func_convert_file_noop
configure:6299: checking how to convert x86_64-unknown-linux-gnu file names to toolchain format
configure:6319: result: func_convert_file_noop
configure:6326: checking for /usr/bin/ld option to reload object files
configure:6333: result: -r
configure:6407: checking for objdump
configure:6423: found /usr/bin/objdump
configure:6434: result: objdump
configure:6466: checking how to recognize dependent libraries
configure:6664: result: pass_all
configure:6749: checking for dlltool
configure:6779: result: no
configure:6809: checking how to associate runtime and link libraries
configure:6836: result: printf %s\n
configure:6896: checking for ar
configure:6912: found /usr/bin/ar
configure:6923: result: ar
configure:6960: checking for archiver @FILE support
configure:6977: gcc-4.4 -c -g -O2  conftest.c >&5
configure:6977: $? = 0
configure:6980: ar cru libconftest.a @conftest.lst >&5
configure:6983: $? = 0
configure:6988: ar cru libconftest.a @conftest.lst >&5
ar: conftest.o: No such file or directory
configure:6991: $? = 1
configure:7003: result: @
configure:7061: checking for strip
configure:7077: found /usr/bin/strip
configure:7088: result: strip
configure:7160: checking for ranlib
configure:7176: found /usr/bin/ranlib
configure:7187: result: ranlib
configure:7264: checking for gawk
configure:7291: result: gawk
configure:7331: checking command to parse /usr/bin/nm -B output from gcc-4.4 object
configure:7451: gcc-4.4 -c -g -O2  conftest.c >&5
configure:7454: $? = 0
configure:7458: /usr/bin/nm -B conftest.o \| sed -n -e 's/^.*[ ]\([ABCDGIRSTW][ABCDGIRSTW]*\)[ ][ ]*\([_A-Za-z][_A-Za-z0-9]*\)$/\1 \2 \2/p' | sed '/ __gnu_lto/d' \> conftest.nm
configure:7461: $? = 0
configure:7527: gcc-4.4 -o conftest -g -O2   conftest.c conftstm.o >&5
configure:7530: $? = 0
configure:7568: result: ok
configure:7605: checking for sysroot
configure:7635: result: no
configure:7712: gcc-4.4 -c -g -O2  conftest.c >&5
configure:7715: $? = 0
configure:7904: checking for mt
configure:7920: found /bin/mt
configure:7931: result: mt
configure:7954: checking if mt is a manifest tool
configure:7960: mt '-?'
configure:7968: result: no
configure:8605: checking for ANSI C header files
configure:8625: gcc-4.4 -c -g -O2  conftest.c >&5
configure:8625: $? = 0
configure:8698: gcc-4.4 -o conftest -g -O2   conftest.c  >&5
configure:8698: $? = 0
configure:8698: ./conftest
configure:8698: $? = 0
configure:8709: result: yes
configure:8722: checking for sys/types.h
configure:8722: gcc-4.4 -c -g -O2  conftest.c >&5
configure:8722: $? = 0
configure:8722: result: yes
configure:8722: checking for sys/stat.h
configure:8722: gcc-4.4 -c -g -O2  conftest.c >&5
configure:8722: $? = 0
configure:8722: result: yes
configure:8722: checking for stdlib.h
configure:8722: gcc-4.4 -c -g -O2  conftest.c >&5
configure:8722: $? = 0
configure:8722: result: yes
configure:8722: checking for string.h
configure:8722: gcc-4.4 -c -g -O2  conftest.c >&5
configure:8722: $? = 0
configure:8722: result: yes
configure:8722: checking for memory.h
configure:8722: gcc-4.4 -c -g -O2  conftest.c >&5
configure:8722: $? = 0
configure:8722: result: yes
configure:8722: checking for strings.h
configure:8722: gcc-4.4 -c -g -O2  conftest.c >&5
configure:8722: $? = 0
configure:8722: result: yes
configure:8722: checking for inttypes.h
configure:8722: gcc-4.4 -c -g -O2  conftest.c >&5
configure:8722: $? = 0
configure:8722: result: yes
configure:8722: checking for stdint.h
configure:8722: gcc-4.4 -c -g -O2  conftest.c >&5
configure:8722: $? = 0
configure:8722: result: yes
configure:8722: checking for unistd.h
configure:8722: gcc-4.4 -c -g -O2  conftest.c >&5
configure:8722: $? = 0
configure:8722: result: yes
configure:8736: checking for dlfcn.h
configure:8736: gcc-4.4 -c -g -O2  conftest.c >&5
configure:8736: $? = 0
configure:8736: result: yes
configure:8942: checking for objdir
configure:8957: result: .libs
configure:9228: checking if gcc-4.4 supports -fno-rtti -fno-exceptions
configure:9246: gcc-4.4 -c -g -O2  -fno-rtti -fno-exceptions conftest.c >&5
cc1: warning: command line option "-fno-rtti" is valid for C++/ObjC++ but not for C
configure:9250: $? = 0
configure:9263: result: no
configure:9590: checking for gcc-4.4 option to produce PIC
configure:9597: result: -fPIC -DPIC
configure:9605: checking if gcc-4.4 PIC flag -fPIC -DPIC works
configure:9623: gcc-4.4 -c -g -O2  -fPIC -DPIC -DPIC conftest.c >&5
configure:9627: $? = 0
configure:9640: result: yes
configure:9669: checking if gcc-4.4 static flag -static works
configure:9697: result: yes
configure:9712: checking if gcc-4.4 supports -c -o file.o
configure:9733: gcc-4.4 -c -g -O2  -o out/conftest2.o conftest.c >&5
configure:9737: $? = 0
configure:9759: result: yes
configure:9767: checking if gcc-4.4 supports -c -o file.o
configure:9814: result: yes
configure:9847: checking whether the gcc-4.4 linker (/usr/bin/ld -m elf_x86_64) supports shared libraries
configure:11004: result: yes
configure:11041: checking whether -lc should be explicitly linked in
configure:11049: gcc-4.4 -c -g -O2  conftest.c >&5
configure:11052: $? = 0
configure:11067: gcc-4.4 -shared  -fPIC -DPIC conftest.o  -v -Wl,-soname -Wl,conftest -o conftest 2\>\&1 \| /bin/grep  -lc  \>/dev/null 2\>\&1
configure:11070: $? = 0
configure:11084: result: no
configure:11244: checking dynamic linker characteristics
configure:11744: gcc-4.4 -o conftest -g -O2   -Wl,-rpath -Wl,/foo conftest.c  >&5
configure:11744: $? = 0
configure:11978: result: GNU/Linux ld.so
configure:12085: checking how to hardcode library paths into programs
configure:12110: result: immediate
configure:12650: checking whether stripping libraries is possible
configure:12655: result: yes
configure:12690: checking if libtool supports shared libraries
configure:12692: result: yes
configure:12695: checking whether to build shared libraries
configure:12716: result: yes
configure:12719: checking whether to build static libraries
configure:12723: result: no
configure:12999: creating ./config.status

## ---------------------- ##
## Running config.status. ##
## ---------------------- ##

This file was extended by config.status, which was
generated by GNU Autoconf 2.69.  Invocation command line was

  CONFIG_FILES    = 
  CONFIG_HEADERS  = 
  CONFIG_LINKS    = 
  CONFIG_COMMANDS = 
  $ ./config.status 

on kroknet-lab

config.status:887: creating config.h
config.status:977: config.h is unchanged
config.status:991: executing libtool commands

## ---------------- ##
## Cache variables. ##
## ---------------- ##

ac_cv_build=x86_64-unknown-linux-gnu
ac_cv_c_compiler_gnu=yes
ac_cv_env_CC_set=set
ac_cv_env_CC_value=gcc-4.4
ac_cv_env_CFLAGS_set=
ac_cv_env_CFLAGS_value=
ac_cv_env_CPPFLAGS_set=
ac_cv_env_CPPFLAGS_value=
ac_cv_env_CPP_set=
ac_cv_env_CPP_value=
ac_cv_env_LDFLAGS_set=
ac_cv_env_LDFLAGS_value=
ac_cv_env_LIBS_set=
ac_cv_env_LIBS_value=
ac_cv_env_build_alias_set=
ac_cv_env_build_alias_value=
ac_cv_env_host_alias_set=
ac_cv_env_host_alias_value=
ac_cv_env_target_alias_set=
ac_cv_env_target_alias_value=
ac_cv_header_dlfcn_h=yes
ac_cv_header_inttypes_h=yes
ac_cv_header_memory_h=yes
ac_cv_header_stdc=yes
ac_cv_header_stdint_h=yes
ac_cv_header_stdlib_h=yes
ac_cv_header_string_h=yes
ac_cv_header_strings_h=yes
ac_cv_header_sys_stat_h=yes
ac_cv_header_sys_types_h=yes
ac_cv_header_unistd_h=yes
ac_cv_host=x86_64-unknown-linux-gnu
ac_cv_objext=o
ac_cv_path_EGREP='/bin/grep -E'
ac_cv_path_FGREP='/bin/grep -F'
ac_cv_path_GREP=/bin/grep
ac_cv_path_SED=/bin/sed
ac_cv_prog_AWK=gawk
ac_cv_prog_CPP='gcc-4.4 -E'
ac_cv_prog_ac_ct_AR=ar
ac_cv_prog_ac_ct_MANIFEST_TOOL=mt
ac_cv_prog_ac_ct_OBJDUMP=objdump
ac_cv_prog_ac_ct_RANLIB=ranlib
ac_cv_prog_ac_ct_STRIP=strip
ac_cv_prog_cc_c89=
ac_cv_prog_cc_g=yes
ac_cv_prog_cc_gcc_4_4_c_o=yes
ac_cv_target=x86_64-unknown-linux-gnu
lt_cv_ar_at_file=@
lt_cv_archive_cmds_need_lc=no
lt_cv_deplibs_check_method=pass_all
lt_cv_file_magic_cmd='$MAGIC_CMD'
lt_cv_file_magic_test_file=
lt_cv_ld_reload_flag=-r
lt_cv_nm_interface='BSD nm'
lt_cv_objdir=.libs
lt_cv_path_LD=/usr/bin/ld
lt_cv_path_NM='/usr/bin/nm -B'
lt_cv_path_mainfest_tool=no
lt_cv_prog_compiler_c_o=yes
lt_cv_prog_compiler_pic='-fPIC -DPIC'
lt_cv_prog_compiler_pic_works=yes
lt_cv_prog_compiler_rtti_exceptions=no
lt_cv_prog_compiler_static_works=yes
lt_cv_prog_gnu_ld=yes
lt_cv_sharedlib_from_linklib_cmd='printf %s\n'
lt_cv_shlibpath_overrides_runpath=no
lt_cv_sys_global_symbol_pipe='sed -n -e '\''s/^.*[	 ]\([ABCDGIRSTW][ABCDGIRSTW]*\)[	 ][	 ]*\([_A-Za-z][_A-Za-z0-9]*\)$/\1 \2 \2/p'\'' | sed '\''/ __gnu_lto/d'\'''
lt_cv_sys_global_symbol_to_c_name_address='sed -n -e '\''s/^: \([^ ]*\)[ ]*$/  {\"\1\", (void *) 0},/p'\'' -e '\''s/^[ABCDGIRSTW]* \([^ ]*\) \([^ ]*\)$/  {"\2", (void *) \&\2},/p'\'''
lt_cv_sys_global_symbol_to_c_name_address_lib_prefix='sed -n -e '\''s/^: \([^ ]*\)[ ]*$/  {\"\1\", (void *) 0},/p'\'' -e '\''s/^[ABCDGIRSTW]* \([^ ]*\) \(lib[^ ]*\)$/  {"\2", (void *) \&\2},/p'\'' -e '\''s/^[ABCDGIRSTW]* \([^ ]*\) \([^ ]*\)$/  {"lib\2", (void *) \&\2},/p'\'''
lt_cv_sys_global_symbol_to_cdecl='sed -n -e '\''s/^T .* \(.*\)$/extern int \1();/p'\'' -e '\''s/^[ABCDGIRSTW]* .* \(.*\)$/extern char \1;/p'\'''
lt_cv_sys_max_cmd_len=1572864
lt_cv_to_host_file_cmd=func_convert_file_noop
lt_cv_to_tool_file_cmd=func_convert_file_noop
php_cv_cc_dashr=no
php_cv_cc_rpath=yes

## ----------------- ##
## Output variables. ##
## ----------------- ##

AR='ar'
AWK='gawk'
CC='gcc-4.4'
CFLAGS='-g -O2'
CONFIGURE_COMMAND=' '\''./configure'\''  '\''--disable-option-checking'\'' '\''--prefix=/usr/local/wsf_c'\'' '\''CC=gcc-4.4'\'' '\''--cache-file=/dev/null'\'' '\''--srcdir=.'\'''
CONFIGURE_OPTIONS=' '\''--disable-option-checking'\'' '\''--prefix=/usr/local/wsf_c'\'' '\''CC=gcc-4.4'\'' '\''--cache-file=/dev/null'\'' '\''--srcdir=.'\'''
CPP='gcc-4.4 -E'
CPPFLAGS=' -DHAVE_CONFIG_H'
DEFS='-DHAVE_CONFIG_H'
DLLTOOL='false'
DSYMUTIL=''
DUMPBIN=''
ECHO_C=''
ECHO_N='-n'
ECHO_T=''
EGREP='/bin/grep -E'
EXEEXT=''
FGREP='/bin/grep -F'
GREP='/bin/grep'
LD='/usr/bin/ld -m elf_x86_64'
LDFLAGS=''
LIBOBJS=''
LIBS=''
LIBTOOL='$(SHELL) $(top_builddir)/libtool'
LIPO=''
LN_S='ln -s'
LTLIBOBJS=''
MANIFEST_TOOL=':'
NM='/usr/bin/nm -B'
NMEDIT=''
OBJDUMP='objdump'
OBJEXT='o'
OTOOL64=''
OTOOL=''
PACKAGE_BUGREPORT=''
PACKAGE_NAME=''
PACKAGE_STRING=''
PACKAGE_TARNAME=''
PACKAGE_URL=''
PACKAGE_VERSION=''
PATH_SEPARATOR=':'
RANLIB='ranlib'
RE2C='exit 0;'
SED='/bin/sed'
SHELL='/bin/bash'
SHLIB_DL_SUFFIX_NAME='so'
SHLIB_SUFFIX_NAME='so'
STRIP='strip'
ac_ct_AR='ar'
ac_ct_CC=''
ac_ct_DUMPBIN=''
bindir='${exec_prefix}/bin'
build='x86_64-unknown-linux-gnu'
build_alias=''
build_cpu='x86_64'
build_os='linux-gnu'
build_vendor='unknown'
datadir='${datarootdir}'
datarootdir='${prefix}/share'
docdir='${datarootdir}/doc/${PACKAGE}'
dvidir='${docdir}'
exec_prefix='$(prefix)'
host='x86_64-unknown-linux-gnu'
host_alias='x86_64-unknown-linux-gnu'
host_cpu='x86_64'
host_os='linux-gnu'
host_vendor='unknown'
htmldir='${docdir}'
includedir='${prefix}/include'
infodir='${datarootdir}/info'
libdir='${exec_prefix}/lib'
libexecdir='${exec_prefix}/libexec'
localedir='${datarootdir}/locale'
localstatedir='${prefix}/var'
mandir='${datarootdir}/man'
oldincludedir='/usr/include'
pdfdir='${docdir}'
prefix='/usr'
program_transform_name='s,x,x,'
psdir='${docdir}'
sbindir='${exec_prefix}/sbin'
sharedstatedir='${prefix}/com'
sysconfdir='${prefix}/etc'
target='x86_64-unknown-linux-gnu'
target_alias=''
target_cpu='x86_64'
target_os='linux-gnu'
target_vendor='unknown'

## ----------- ##
## confdefs.h. ##
## ----------- ##

/* confdefs.h */
#define PACKAGE_NAME ""
#define PACKAGE_TARNAME ""
#define PACKAGE_VERSION ""
#define PACKAGE_STRING ""
#define PACKAGE_BUGREPORT ""
#define PACKAGE_URL ""
#define HAVE_WSF 1
#define COMPILE_DL_WSF 1
#define STDC_HEADERS 1
#define HAVE_SYS_TYPES_H 1
#define HAVE_SYS_STAT_H 1
#define HAVE_STDLIB_H 1
#define HAVE_STRING_H 1
#define HAVE_MEMORY_H 1
#define HAVE_STRINGS_H 1
#define HAVE_INTTYPES_H 1
#define HAVE_STDINT_H 1
#define HAVE_UNISTD_H 1
#define HAVE_DLFCN_H 1
#define LT_OBJDIR ".libs/"

configure: exit 0
