This file contains any messages produced by compilers while
running configure, to aid debugging if configure makes a mistake.

It was created by wso2-wsf-php-src configure 2.1.0, which was
generated by GNU Autoconf 2.69.  Invocation command line was

  $ ./configure CC=gcc-4.4 --no-create --no-recursion

## --------- ##
## Platform. ##
## --------- ##

hostname = kroknet-lab
uname -m = x86_64
uname -r = 3.16.0-30-generic
uname -s = Linux
uname -v = #40~14.04.1-Ubuntu SMP Thu Jan 15 17:43:14 UTC 2015

/usr/bin/uname -p = unknown
/bin/uname -X     = unknown

/bin/arch              = unknown
/usr/bin/arch -k       = unknown
/usr/convex/getsysinfo = unknown
/usr/bin/hostinfo      = unknown
/bin/machine           = unknown
/usr/bin/oslevel       = unknown
/bin/universe          = unknown

PATH: /usr/local/sbin
PATH: /usr/local/bin
PATH: /usr/sbin
PATH: /usr/bin
PATH: /sbin
PATH: /bin
PATH: /usr/games
PATH: /usr/local/games


## ----------- ##
## Core tests. ##
## ----------- ##

configure:2632: checking build system type
configure:2646: result: x86_64-unknown-linux-gnu
configure:2666: checking host system type
configure:2679: result: x86_64-unknown-linux-gnu
configure:2699: checking target system type
configure:2712: result: x86_64-unknown-linux-gnu
configure:2757: checking for a BSD-compatible install
configure:2825: result: /usr/bin/install -c
configure:2836: checking whether build environment is sane
configure:2873: result: yes
configure:2898: checking for a thread-safe mkdir -p
configure:2937: result: /bin/mkdir -p
configure:2950: checking for gawk
configure:2966: found /usr/bin/gawk
configure:2977: result: gawk
configure:2988: checking whether make sets $(MAKE)
configure:3010: result: yes
configure:3187: checking how to create a ustar tar archive
configure:3200: tar --version
tar (GNU tar) 1.27.1
Copyright (C) 2013 Free Software Foundation, Inc.
License GPLv3+: GNU GPL version 3 or later <http://gnu.org/licenses/gpl.html>.
This is free software: you are free to change and redistribute it.
There is NO WARRANTY, to the extent permitted by law.

Written by John Gilmore and Jay Fenlason.
configure:3203: $? = 0
configure:3243: tardir=conftest.dir && eval tar --format=ustar -chf - "$tardir" >conftest.tar
configure:3246: $? = 0
configure:3250: tar -xf - <conftest.tar
configure:3253: $? = 0
configure:3266: result: gnutar
configure:3323: checking for gcc
configure:3350: result: gcc-4.4
configure:3579: checking for C compiler version
configure:3588: gcc-4.4 --version >&5
gcc-4.4 (Ubuntu/Linaro 4.4.7-8ubuntu1) 4.4.7
Copyright (C) 2010 Free Software Foundation, Inc.
This is free software; see the source for copying conditions.  There is NO
warranty; not even for MERCHANTABILITY or FITNESS FOR A PARTICULAR PURPOSE.

configure:3599: $? = 0
configure:3588: gcc-4.4 -v >&5
Using built-in specs.
Target: x86_64-linux-gnu
Configured with: ../src/configure -v --with-pkgversion='Ubuntu/Linaro 4.4.7-8ubuntu1' --with-bugurl=file:///usr/share/doc/gcc-4.4/README.Bugs --enable-languages=c,c++,fortran --prefix=/usr --program-suffix=-4.4 --enable-shared --enable-linker-build-id --with-system-zlib --libexecdir=/usr/lib --without-included-gettext --enable-threads=posix --with-gxx-include-dir=/usr/include/c++/4.4 --libdir=/usr/lib --enable-nls --with-sysroot=/ --enable-clocale=gnu --enable-libstdcxx-debug --disable-libmudflap --disable-werror --with-arch-32=i686 --with-tune=generic --enable-checking=release --build=x86_64-linux-gnu --host=x86_64-linux-gnu --target=x86_64-linux-gnu
Thread model: posix
gcc version 4.4.7 (Ubuntu/Linaro 4.4.7-8ubuntu1) 
configure:3599: $? = 0
configure:3588: gcc-4.4 -V >&5
gcc-4.4: '-V' option must have argument
configure:3599: $? = 1
configure:3588: gcc-4.4 -qversion >&5
gcc-4.4: unrecognized option '-qversion'
gcc-4.4: no input files
configure:3599: $? = 1
configure:3619: checking whether the C compiler works
configure:3641: gcc-4.4    conftest.c  >&5
configure:3645: $? = 0
configure:3693: result: yes
configure:3696: checking for C compiler default output file name
configure:3698: result: a.out
configure:3704: checking for suffix of executables
configure:3711: gcc-4.4 -o conftest    conftest.c  >&5
configure:3715: $? = 0
configure:3737: result: 
configure:3759: checking whether we are cross compiling
configure:3767: gcc-4.4 -o conftest    conftest.c  >&5
configure:3771: $? = 0
configure:3778: ./conftest
configure:3782: $? = 0
configure:3797: result: no
configure:3802: checking for suffix of object files
configure:3824: gcc-4.4 -c   conftest.c >&5
configure:3828: $? = 0
configure:3849: result: o
configure:3853: checking whether we are using the GNU C compiler
configure:3872: gcc-4.4 -c   conftest.c >&5
configure:3872: $? = 0
configure:3881: result: yes
configure:3890: checking whether gcc-4.4 accepts -g
configure:3910: gcc-4.4 -c -g  conftest.c >&5
configure:3910: $? = 0
configure:3951: result: yes
configure:3968: checking for gcc-4.4 option to accept ISO C89
configure:4031: gcc-4.4  -c -g -O2  conftest.c >&5
configure:4031: $? = 0
configure:4044: result: none needed
configure:4075: checking for style of include used by make
configure:4103: result: GNU
configure:4128: checking dependency style of gcc-4.4
configure:4219: result: none
configure:4292: checking for g++
configure:4308: found /usr/bin/g++
configure:4319: result: g++
configure:4346: checking for C++ compiler version
configure:4355: g++ --version >&5
g++ (Ubuntu 4.8.2-19ubuntu1) 4.8.2
Copyright (C) 2013 Free Software Foundation, Inc.
This is free software; see the source for copying conditions.  There is NO
warranty; not even for MERCHANTABILITY or FITNESS FOR A PARTICULAR PURPOSE.

configure:4366: $? = 0
configure:4355: g++ -v >&5
Using built-in specs.
COLLECT_GCC=g++
COLLECT_LTO_WRAPPER=/usr/lib/gcc/x86_64-linux-gnu/4.8/lto-wrapper
Target: x86_64-linux-gnu
Configured with: ../src/configure -v --with-pkgversion='Ubuntu 4.8.2-19ubuntu1' --with-bugurl=file:///usr/share/doc/gcc-4.8/README.Bugs --enable-languages=c,c++,java,go,d,fortran,objc,obj-c++ --prefix=/usr --program-suffix=-4.8 --enable-shared --enable-linker-build-id --libexecdir=/usr/lib --without-included-gettext --enable-threads=posix --with-gxx-include-dir=/usr/include/c++/4.8 --libdir=/usr/lib --enable-nls --with-sysroot=/ --enable-clocale=gnu --enable-libstdcxx-debug --enable-libstdcxx-time=yes --enable-gnu-unique-object --disable-libmudflap --enable-plugin --with-system-zlib --disable-browser-plugin --enable-java-awt=gtk --enable-gtk-cairo --with-java-home=/usr/lib/jvm/java-1.5.0-gcj-4.8-amd64/jre --enable-java-home --with-jvm-root-dir=/usr/lib/jvm/java-1.5.0-gcj-4.8-amd64 --with-jvm-jar-dir=/usr/lib/jvm-exports/java-1.5.0-gcj-4.8-amd64 --with-arch-directory=amd64 --with-ecj-jar=/usr/share/java/eclipse-ecj.jar --enable-objc-gc --enable-multiarch --disable-werror --with-arch-32=i686 --with-abi=m64 --with-multilib-list=m32,m64,mx32 --with-tune=generic --enable-checking=release --build=x86_64-linux-gnu --host=x86_64-linux-gnu --target=x86_64-linux-gnu
Thread model: posix
gcc version 4.8.2 (Ubuntu 4.8.2-19ubuntu1) 
configure:4366: $? = 0
configure:4355: g++ -V >&5
g++: error: unrecognized command line option '-V'
g++: fatal error: no input files
compilation terminated.
configure:4366: $? = 4
configure:4355: g++ -qversion >&5
g++: error: unrecognized command line option '-qversion'
g++: fatal error: no input files
compilation terminated.
configure:4366: $? = 4
configure:4370: checking whether we are using the GNU C++ compiler
configure:4389: g++ -c   conftest.cpp >&5
configure:4389: $? = 0
configure:4398: result: yes
configure:4407: checking whether g++ accepts -g
configure:4427: g++ -c -g  conftest.cpp >&5
configure:4427: $? = 0
configure:4468: result: yes
configure:4493: checking dependency style of g++
configure:4584: result: none
configure:4604: checking how to run the C preprocessor
configure:4635: gcc-4.4 -E  conftest.c
configure:4635: $? = 0
configure:4649: gcc-4.4 -E  conftest.c
conftest.c:11: fatal error: ac_nonexistent.h: No such file or directory
compilation terminated.
configure:4649: $? = 1
configure: failed program was:
| /* confdefs.h */
| #define PACKAGE_NAME "wso2-wsf-php-src"
| #define PACKAGE_TARNAME "wso2-wsf-php-src"
| #define PACKAGE_VERSION "2.1.0"
| #define PACKAGE_STRING "wso2-wsf-php-src 2.1.0"
| #define PACKAGE_BUGREPORT ""
| #define PACKAGE_URL ""
| #define PACKAGE "wso2-wsf-php-src"
| #define VERSION "2.1.0"
| /* end confdefs.h.  */
| #include <ac_nonexistent.h>
configure:4674: result: gcc-4.4 -E
configure:4694: gcc-4.4 -E  conftest.c
configure:4694: $? = 0
configure:4708: gcc-4.4 -E  conftest.c
conftest.c:11: fatal error: ac_nonexistent.h: No such file or directory
compilation terminated.
configure:4708: $? = 1
configure: failed program was:
| /* confdefs.h */
| #define PACKAGE_NAME "wso2-wsf-php-src"
| #define PACKAGE_TARNAME "wso2-wsf-php-src"
| #define PACKAGE_VERSION "2.1.0"
| #define PACKAGE_STRING "wso2-wsf-php-src 2.1.0"
| #define PACKAGE_BUGREPORT ""
| #define PACKAGE_URL ""
| #define PACKAGE "wso2-wsf-php-src"
| #define VERSION "2.1.0"
| /* end confdefs.h.  */
| #include <ac_nonexistent.h>
configure:4808: checking for a sed that does not truncate output
configure:4864: result: /bin/sed
configure:4867: checking for grep that handles long lines and -e
configure:4925: result: /bin/grep
configure:4930: checking for egrep
configure:4992: result: /bin/grep -E
configure:5008: checking for ld used by gcc-4.4
configure:5075: result: /usr/bin/ld
configure:5082: checking if the linker (/usr/bin/ld) is GNU ld
configure:5097: result: yes
configure:5102: checking for /usr/bin/ld option to reload object files
configure:5109: result: -r
configure:5127: checking for BSD-compatible nm
configure:5176: result: /usr/bin/nm -B
configure:5180: checking whether ln -s works
configure:5184: result: yes
configure:5191: checking how to recognize dependent libraries
configure:5377: result: pass_all
configure:5466: gcc-4.4 -c -g -O2  conftest.c >&5
configure:5469: $? = 0
configure:5594: checking for ANSI C header files
configure:5614: gcc-4.4 -c -g -O2  conftest.c >&5
configure:5614: $? = 0
configure:5687: gcc-4.4 -o conftest -g -O2   conftest.c  >&5
configure:5687: $? = 0
configure:5687: ./conftest
configure:5687: $? = 0
configure:5698: result: yes
configure:5711: checking for sys/types.h
configure:5711: gcc-4.4 -c -g -O2  conftest.c >&5
configure:5711: $? = 0
configure:5711: result: yes
configure:5711: checking for sys/stat.h
configure:5711: gcc-4.4 -c -g -O2  conftest.c >&5
configure:5711: $? = 0
configure:5711: result: yes
configure:5711: checking for stdlib.h
configure:5711: gcc-4.4 -c -g -O2  conftest.c >&5
configure:5711: $? = 0
configure:5711: result: yes
configure:5711: checking for string.h
configure:5711: gcc-4.4 -c -g -O2  conftest.c >&5
configure:5711: $? = 0
configure:5711: result: yes
configure:5711: checking for memory.h
configure:5711: gcc-4.4 -c -g -O2  conftest.c >&5
configure:5711: $? = 0
configure:5711: result: yes
configure:5711: checking for strings.h
configure:5711: gcc-4.4 -c -g -O2  conftest.c >&5
configure:5711: $? = 0
configure:5711: result: yes
configure:5711: checking for inttypes.h
configure:5711: gcc-4.4 -c -g -O2  conftest.c >&5
configure:5711: $? = 0
configure:5711: result: yes
configure:5711: checking for stdint.h
configure:5711: gcc-4.4 -c -g -O2  conftest.c >&5
configure:5711: $? = 0
configure:5711: result: yes
configure:5711: checking for unistd.h
configure:5711: gcc-4.4 -c -g -O2  conftest.c >&5
configure:5711: $? = 0
configure:5711: result: yes
configure:5725: checking dlfcn.h usability
configure:5725: gcc-4.4 -c -g -O2  conftest.c >&5
configure:5725: $? = 0
configure:5725: result: yes
configure:5725: checking dlfcn.h presence
configure:5725: gcc-4.4 -E  conftest.c
configure:5725: $? = 0
configure:5725: result: yes
configure:5725: checking for dlfcn.h
configure:5725: result: yes
configure:5745: checking how to run the C++ preprocessor
configure:5772: g++ -E  conftest.cpp
configure:5772: $? = 0
configure:5786: g++ -E  conftest.cpp
conftest.cpp:22:28: fatal error: ac_nonexistent.h: No such file or directory
 #include <ac_nonexistent.h>
                            ^
compilation terminated.
configure:5786: $? = 1
configure: failed program was:
| /* confdefs.h */
| #define PACKAGE_NAME "wso2-wsf-php-src"
| #define PACKAGE_TARNAME "wso2-wsf-php-src"
| #define PACKAGE_VERSION "2.1.0"
| #define PACKAGE_STRING "wso2-wsf-php-src 2.1.0"
| #define PACKAGE_BUGREPORT ""
| #define PACKAGE_URL ""
| #define PACKAGE "wso2-wsf-php-src"
| #define VERSION "2.1.0"
| #define STDC_HEADERS 1
| #define HAVE_SYS_TYPES_H 1
| #define HAVE_SYS_STAT_H 1
| #define HAVE_STDLIB_H 1
| #define HAVE_STRING_H 1
| #define HAVE_MEMORY_H 1
| #define HAVE_STRINGS_H 1
| #define HAVE_INTTYPES_H 1
| #define HAVE_STDINT_H 1
| #define HAVE_UNISTD_H 1
| #define HAVE_DLFCN_H 1
| /* end confdefs.h.  */
| #include <ac_nonexistent.h>
configure:5811: result: g++ -E
configure:5831: g++ -E  conftest.cpp
configure:5831: $? = 0
configure:5845: g++ -E  conftest.cpp
conftest.cpp:22:28: fatal error: ac_nonexistent.h: No such file or directory
 #include <ac_nonexistent.h>
                            ^
compilation terminated.
configure:5845: $? = 1
configure: failed program was:
| /* confdefs.h */
| #define PACKAGE_NAME "wso2-wsf-php-src"
| #define PACKAGE_TARNAME "wso2-wsf-php-src"
| #define PACKAGE_VERSION "2.1.0"
| #define PACKAGE_STRING "wso2-wsf-php-src 2.1.0"
| #define PACKAGE_BUGREPORT ""
| #define PACKAGE_URL ""
| #define PACKAGE "wso2-wsf-php-src"
| #define VERSION "2.1.0"
| #define STDC_HEADERS 1
| #define HAVE_SYS_TYPES_H 1
| #define HAVE_SYS_STAT_H 1
| #define HAVE_STDLIB_H 1
| #define HAVE_STRING_H 1
| #define HAVE_MEMORY_H 1
| #define HAVE_STRINGS_H 1
| #define HAVE_INTTYPES_H 1
| #define HAVE_STDINT_H 1
| #define HAVE_UNISTD_H 1
| #define HAVE_DLFCN_H 1
| /* end confdefs.h.  */
| #include <ac_nonexistent.h>
configure:5929: checking for g77
configure:5959: result: no
configure:5929: checking for xlf
configure:5959: result: no
configure:5929: checking for f77
configure:5959: result: no
configure:5929: checking for frt
configure:5959: result: no
configure:5929: checking for pgf77
configure:5959: result: no
configure:5929: checking for cf77
configure:5959: result: no
configure:5929: checking for fort77
configure:5959: result: no
configure:5929: checking for fl32
configure:5959: result: no
configure:5929: checking for af77
configure:5959: result: no
configure:5929: checking for xlf90
configure:5959: result: no
configure:5929: checking for f90
configure:5959: result: no
configure:5929: checking for pgf90
configure:5959: result: no
configure:5929: checking for pghpf
configure:5959: result: no
configure:5929: checking for epcf90
configure:5959: result: no
configure:5929: checking for gfortran
configure:5959: result: no
configure:5929: checking for g95
configure:5959: result: no
configure:5929: checking for xlf95
configure:5959: result: no
configure:5929: checking for f95
configure:5959: result: no
configure:5929: checking for fort
configure:5959: result: no
configure:5929: checking for ifort
configure:5959: result: no
configure:5929: checking for ifc
configure:5959: result: no
configure:5929: checking for efc
configure:5959: result: no
configure:5929: checking for pgfortran
configure:5959: result: no
configure:5929: checking for pgf95
configure:5959: result: no
configure:5929: checking for lf95
configure:5959: result: no
configure:5929: checking for ftn
configure:5959: result: no
configure:5929: checking for nagfor
configure:5959: result: no
configure:5982: checking for Fortran 77 compiler version
configure:5991:  --version >&5
./configure: line 5993: --version: command not found
configure:6002: $? = 127
configure:5991:  -v >&5
./configure: line 5993: -v: command not found
configure:6002: $? = 127
configure:5991:  -V >&5
./configure: line 5993: -V: command not found
configure:6002: $? = 127
configure:5991:  -qversion >&5
./configure: line 5993: -qversion: command not found
configure:6002: $? = 127
configure:6011: checking whether we are using the GNU Fortran 77 compiler
configure:6024:  -c  conftest.F >&5
./configure: line 2178: -c: command not found
configure:6024: $? = 127
configure: failed program was:
|       program main
| #ifndef __GNUC__
|        choke me
| #endif
| 
|       end
configure:6033: result: no
configure:6039: checking whether  accepts -g
configure:6050:  -c -g conftest.f >&5
./configure: line 2178: -c: command not found
configure:6050: $? = 127
configure: failed program was:
|       program main
| 
|       end
configure:6058: result: no
configure:6091: checking the maximum length of command line arguments
configure:6203: result: 3458764513820540925
configure:6215: checking command to parse /usr/bin/nm -B output from gcc-4.4 object
configure:6320: gcc-4.4 -c -g -O2  conftest.c >&5
configure:6323: $? = 0
configure:6327: /usr/bin/nm -B conftest.o \| sed -n -e 's/^.*[ 	]\([ABCDGIRSTW][ABCDGIRSTW]*\)[ 	][ 	]*\([_A-Za-z][_A-Za-z0-9]*\)$/\1 \2 \2/p' \> conftest.nm
configure:6330: $? = 0
configure:6382: gcc-4.4 -o conftest -g -O2   conftest.c conftstm.o >&5
configure:6385: $? = 0
configure:6423: result: ok
configure:6427: checking for objdir
configure:6442: result: .libs
configure:6534: checking for ar
configure:6550: found /usr/bin/ar
configure:6561: result: ar
configure:6626: checking for ranlib
configure:6642: found /usr/bin/ranlib
configure:6653: result: ranlib
configure:6718: checking for strip
configure:6734: found /usr/bin/strip
configure:6745: result: strip
configure:7306: checking if gcc-4.4 supports -fno-rtti -fno-exceptions
configure:7324: gcc-4.4 -c -g -O2  -fno-rtti -fno-exceptions conftest.c >&5
cc1: warning: command line option "-fno-rtti" is valid for C++/ObjC++ but not for C
configure:7328: $? = 0
configure:7341: result: no
configure:7356: checking for gcc-4.4 option to produce PIC
configure:7588: result: -fPIC
configure:7596: checking if gcc-4.4 PIC flag -fPIC works
configure:7614: gcc-4.4 -c -g -O2  -fPIC -DPIC conftest.c >&5
configure:7618: $? = 0
configure:7631: result: yes
configure:7659: checking if gcc-4.4 static flag -static works
configure:7687: result: yes
configure:7697: checking if gcc-4.4 supports -c -o file.o
configure:7718: gcc-4.4 -c -g -O2  -o out/conftest2.o conftest.c >&5
configure:7722: $? = 0
configure:7744: result: yes
configure:7770: checking whether the gcc-4.4 linker (/usr/bin/ld -m elf_x86_64) supports shared libraries
configure:8696: result: yes
configure:8717: checking whether -lc should be explicitly linked in
configure:8722: gcc-4.4 -c -g -O2  conftest.c >&5
configure:8725: $? = 0
configure:8740: gcc-4.4 -shared conftest.o  -v -Wl,-soname -Wl,conftest -o conftest 2\>\&1 \| grep  -lc  \>/dev/null 2\>\&1
configure:8743: $? = 0
configure:8755: result: no
configure:8763: checking dynamic linker characteristics
configure:9367: result: GNU/Linux ld.so
configure:9391: checking how to hardcode library paths into programs
configure:9416: result: immediate
configure:9430: checking whether stripping libraries is possible
configure:9435: result: yes
configure:9952: checking if libtool supports shared libraries
configure:9954: result: yes
configure:9957: checking whether to build shared libraries
configure:9978: result: yes
configure:9981: checking whether to build static libraries
configure:9985: result: yes
configure:10079: creating libtool
configure:10668: checking for ld used by g++
configure:10735: result: /usr/bin/ld -m elf_x86_64
configure:10742: checking if the linker (/usr/bin/ld -m elf_x86_64) is GNU ld
configure:10757: result: yes
configure:10808: checking whether the g++ linker (/usr/bin/ld -m elf_x86_64) supports shared libraries
configure:11700: result: yes
configure:11717: g++ -c -g -O2  conftest.cpp >&5
configure:11720: $? = 0
configure:11876: checking for g++ option to produce PIC
configure:12160: result: -fPIC
configure:12168: checking if g++ PIC flag -fPIC works
configure:12186: g++ -c -g -O2  -fPIC -DPIC conftest.cpp >&5
configure:12190: $? = 0
configure:12203: result: yes
configure:12231: checking if g++ static flag -static works
configure:12259: result: yes
configure:12269: checking if g++ supports -c -o file.o
configure:12290: g++ -c -g -O2  -o out/conftest2.o conftest.cpp >&5
configure:12294: $? = 0
configure:12316: result: yes
configure:12342: checking whether the g++ linker (/usr/bin/ld -m elf_x86_64) supports shared libraries
configure:12368: result: yes
configure:12435: checking dynamic linker characteristics
configure:12987: result: GNU/Linux ld.so
configure:13011: checking how to hardcode library paths into programs
configure:13036: result: immediate
configure:19158: checking whether ln -s works
configure:19162: result: yes
configure:19169: checking whether make sets $(MAKE)
configure:19191: result: yes
configure:19204: checking for dlopen in -ldl
configure:19229: gcc-4.4 -o conftest -g -O2   conftest.c -ldl   >&5
configure:19229: $? = 0
configure:19238: result: yes
configure:19249: checking for inflate in -lz
configure:19274: gcc-4.4 -o conftest -g -O2   conftest.c -lz  -ldl  >&5
configure:19274: $? = 0
configure:19283: result: yes
configure:19313: checking for ANSI C header files
configure:19417: result: yes
configure:19428: checking stdio.h usability
configure:19428: gcc-4.4 -c -g -O2 -D_LARGEFILE64_SOURCE -ansi -Wall -Wno-implicit-function-declaration   conftest.c >&5
configure:19428: $? = 0
configure:19428: result: yes
configure:19428: checking stdio.h presence
configure:19428: gcc-4.4 -E  conftest.c
configure:19428: $? = 0
configure:19428: result: yes
configure:19428: checking for stdio.h
configure:19428: result: yes
configure:19428: checking for stdlib.h
configure:19428: result: yes
configure:19428: checking for string.h
configure:19428: result: yes
configure:19440: checking sys/socket.h usability
configure:19440: gcc-4.4 -c -g -O2 -D_LARGEFILE64_SOURCE -ansi -Wall -Wno-implicit-function-declaration   conftest.c >&5
configure:19440: $? = 0
configure:19440: result: yes
configure:19440: checking sys/socket.h presence
configure:19440: gcc-4.4 -E  conftest.c
configure:19440: $? = 0
configure:19440: result: yes
configure:19440: checking for sys/socket.h
configure:19440: result: yes
configure:19452: checking for net/if.h
configure:19452: gcc-4.4 -c -g -O2 -D_LARGEFILE64_SOURCE -ansi -Wall -Wno-implicit-function-declaration   conftest.c >&5
configure:19452: $? = 0
configure:19452: result: yes
configure:19477: checking for linux/if.h
configure:19477: gcc-4.4 -c -g -O2 -D_LARGEFILE64_SOURCE -ansi -Wall -Wno-implicit-function-declaration   conftest.c >&5
configure:19477: $? = 0
configure:19477: result: yes
configure:19494: checking net/if_types.h usability
configure:19494: gcc-4.4 -c -g -O2 -D_LARGEFILE64_SOURCE -ansi -Wall -Wno-implicit-function-declaration   conftest.c >&5
conftest.c:64: fatal error: net/if_types.h: No such file or directory
compilation terminated.
configure:19494: $? = 1
configure: failed program was:
| /* confdefs.h */
| #define PACKAGE_NAME "wso2-wsf-php-src"
| #define PACKAGE_TARNAME "wso2-wsf-php-src"
| #define PACKAGE_VERSION "2.1.0"
| #define PACKAGE_STRING "wso2-wsf-php-src 2.1.0"
| #define PACKAGE_BUGREPORT ""
| #define PACKAGE_URL ""
| #define PACKAGE "wso2-wsf-php-src"
| #define VERSION "2.1.0"
| #define STDC_HEADERS 1
| #define HAVE_SYS_TYPES_H 1
| #define HAVE_SYS_STAT_H 1
| #define HAVE_STDLIB_H 1
| #define HAVE_STRING_H 1
| #define HAVE_MEMORY_H 1
| #define HAVE_STRINGS_H 1
| #define HAVE_INTTYPES_H 1
| #define HAVE_STDINT_H 1
| #define HAVE_UNISTD_H 1
| #define HAVE_DLFCN_H 1
| #define HAVE_LIBDL 1
| #define HAVE_LIBZ 1
| #define STDC_HEADERS 1
| #define HAVE_STDIO_H 1
| #define HAVE_STDLIB_H 1
| #define HAVE_STRING_H 1
| #define HAVE_SYS_SOCKET_H 1
| #define HAVE_NET_IF_H 1
| #define HAVE_LINUX_IF_H 1
| /* end confdefs.h.  */
| #include <stdio.h>
| #ifdef HAVE_SYS_TYPES_H
| # include <sys/types.h>
| #endif
| #ifdef HAVE_SYS_STAT_H
| # include <sys/stat.h>
| #endif
| #ifdef STDC_HEADERS
| # include <stdlib.h>
| # include <stddef.h>
| #else
| # ifdef HAVE_STDLIB_H
| #  include <stdlib.h>
| # endif
| #endif
| #ifdef HAVE_STRING_H
| # if !defined STDC_HEADERS && defined HAVE_MEMORY_H
| #  include <memory.h>
| # endif
| # include <string.h>
| #endif
| #ifdef HAVE_STRINGS_H
| # include <strings.h>
| #endif
| #ifdef HAVE_INTTYPES_H
| # include <inttypes.h>
| #endif
| #ifdef HAVE_STDINT_H
| # include <stdint.h>
| #endif
| #ifdef HAVE_UNISTD_H
| # include <unistd.h>
| #endif
| #include <net/if_types.h>
configure:19494: result: no
configure:19494: checking net/if_types.h presence
configure:19494: gcc-4.4 -E  conftest.c
conftest.c:31: fatal error: net/if_types.h: No such file or directory
compilation terminated.
configure:19494: $? = 1
configure: failed program was:
| /* confdefs.h */
| #define PACKAGE_NAME "wso2-wsf-php-src"
| #define PACKAGE_TARNAME "wso2-wsf-php-src"
| #define PACKAGE_VERSION "2.1.0"
| #define PACKAGE_STRING "wso2-wsf-php-src 2.1.0"
| #define PACKAGE_BUGREPORT ""
| #define PACKAGE_URL ""
| #define PACKAGE "wso2-wsf-php-src"
| #define VERSION "2.1.0"
| #define STDC_HEADERS 1
| #define HAVE_SYS_TYPES_H 1
| #define HAVE_SYS_STAT_H 1
| #define HAVE_STDLIB_H 1
| #define HAVE_STRING_H 1
| #define HAVE_MEMORY_H 1
| #define HAVE_STRINGS_H 1
| #define HAVE_INTTYPES_H 1
| #define HAVE_STDINT_H 1
| #define HAVE_UNISTD_H 1
| #define HAVE_DLFCN_H 1
| #define HAVE_LIBDL 1
| #define HAVE_LIBZ 1
| #define STDC_HEADERS 1
| #define HAVE_STDIO_H 1
| #define HAVE_STDLIB_H 1
| #define HAVE_STRING_H 1
| #define HAVE_SYS_SOCKET_H 1
| #define HAVE_NET_IF_H 1
| #define HAVE_LINUX_IF_H 1
| /* end confdefs.h.  */
| #include <net/if_types.h>
configure:19494: result: no
configure:19494: checking for net/if_types.h
configure:19494: result: no
configure:19506: checking net/if_dl.h usability
configure:19506: gcc-4.4 -c -g -O2 -D_LARGEFILE64_SOURCE -ansi -Wall -Wno-implicit-function-declaration   conftest.c >&5
conftest.c:64: fatal error: net/if_dl.h: No such file or directory
compilation terminated.
configure:19506: $? = 1
configure: failed program was:
| /* confdefs.h */
| #define PACKAGE_NAME "wso2-wsf-php-src"
| #define PACKAGE_TARNAME "wso2-wsf-php-src"
| #define PACKAGE_VERSION "2.1.0"
| #define PACKAGE_STRING "wso2-wsf-php-src 2.1.0"
| #define PACKAGE_BUGREPORT ""
| #define PACKAGE_URL ""
| #define PACKAGE "wso2-wsf-php-src"
| #define VERSION "2.1.0"
| #define STDC_HEADERS 1
| #define HAVE_SYS_TYPES_H 1
| #define HAVE_SYS_STAT_H 1
| #define HAVE_STDLIB_H 1
| #define HAVE_STRING_H 1
| #define HAVE_MEMORY_H 1
| #define HAVE_STRINGS_H 1
| #define HAVE_INTTYPES_H 1
| #define HAVE_STDINT_H 1
| #define HAVE_UNISTD_H 1
| #define HAVE_DLFCN_H 1
| #define HAVE_LIBDL 1
| #define HAVE_LIBZ 1
| #define STDC_HEADERS 1
| #define HAVE_STDIO_H 1
| #define HAVE_STDLIB_H 1
| #define HAVE_STRING_H 1
| #define HAVE_SYS_SOCKET_H 1
| #define HAVE_NET_IF_H 1
| #define HAVE_LINUX_IF_H 1
| /* end confdefs.h.  */
| #include <stdio.h>
| #ifdef HAVE_SYS_TYPES_H
| # include <sys/types.h>
| #endif
| #ifdef HAVE_SYS_STAT_H
| # include <sys/stat.h>
| #endif
| #ifdef STDC_HEADERS
| # include <stdlib.h>
| # include <stddef.h>
| #else
| # ifdef HAVE_STDLIB_H
| #  include <stdlib.h>
| # endif
| #endif
| #ifdef HAVE_STRING_H
| # if !defined STDC_HEADERS && defined HAVE_MEMORY_H
| #  include <memory.h>
| # endif
| # include <string.h>
| #endif
| #ifdef HAVE_STRINGS_H
| # include <strings.h>
| #endif
| #ifdef HAVE_INTTYPES_H
| # include <inttypes.h>
| #endif
| #ifdef HAVE_STDINT_H
| # include <stdint.h>
| #endif
| #ifdef HAVE_UNISTD_H
| # include <unistd.h>
| #endif
| #include <net/if_dl.h>
configure:19506: result: no
configure:19506: checking net/if_dl.h presence
configure:19506: gcc-4.4 -E  conftest.c
conftest.c:31: fatal error: net/if_dl.h: No such file or directory
compilation terminated.
configure:19506: $? = 1
configure: failed program was:
| /* confdefs.h */
| #define PACKAGE_NAME "wso2-wsf-php-src"
| #define PACKAGE_TARNAME "wso2-wsf-php-src"
| #define PACKAGE_VERSION "2.1.0"
| #define PACKAGE_STRING "wso2-wsf-php-src 2.1.0"
| #define PACKAGE_BUGREPORT ""
| #define PACKAGE_URL ""
| #define PACKAGE "wso2-wsf-php-src"
| #define VERSION "2.1.0"
| #define STDC_HEADERS 1
| #define HAVE_SYS_TYPES_H 1
| #define HAVE_SYS_STAT_H 1
| #define HAVE_STDLIB_H 1
| #define HAVE_STRING_H 1
| #define HAVE_MEMORY_H 1
| #define HAVE_STRINGS_H 1
| #define HAVE_INTTYPES_H 1
| #define HAVE_STDINT_H 1
| #define HAVE_UNISTD_H 1
| #define HAVE_DLFCN_H 1
| #define HAVE_LIBDL 1
| #define HAVE_LIBZ 1
| #define STDC_HEADERS 1
| #define HAVE_STDIO_H 1
| #define HAVE_STDLIB_H 1
| #define HAVE_STRING_H 1
| #define HAVE_SYS_SOCKET_H 1
| #define HAVE_NET_IF_H 1
| #define HAVE_LINUX_IF_H 1
| /* end confdefs.h.  */
| #include <net/if_dl.h>
configure:19506: result: no
configure:19506: checking for net/if_dl.h
configure:19506: result: no
configure:19519: checking sys/appleapiopts.h usability
configure:19519: gcc-4.4 -c -g -O2 -D_LARGEFILE64_SOURCE -ansi -Wall -Wno-implicit-function-declaration   conftest.c >&5
conftest.c:64: fatal error: sys/appleapiopts.h: No such file or directory
compilation terminated.
configure:19519: $? = 1
configure: failed program was:
| /* confdefs.h */
| #define PACKAGE_NAME "wso2-wsf-php-src"
| #define PACKAGE_TARNAME "wso2-wsf-php-src"
| #define PACKAGE_VERSION "2.1.0"
| #define PACKAGE_STRING "wso2-wsf-php-src 2.1.0"
| #define PACKAGE_BUGREPORT ""
| #define PACKAGE_URL ""
| #define PACKAGE "wso2-wsf-php-src"
| #define VERSION "2.1.0"
| #define STDC_HEADERS 1
| #define HAVE_SYS_TYPES_H 1
| #define HAVE_SYS_STAT_H 1
| #define HAVE_STDLIB_H 1
| #define HAVE_STRING_H 1
| #define HAVE_MEMORY_H 1
| #define HAVE_STRINGS_H 1
| #define HAVE_INTTYPES_H 1
| #define HAVE_STDINT_H 1
| #define HAVE_UNISTD_H 1
| #define HAVE_DLFCN_H 1
| #define HAVE_LIBDL 1
| #define HAVE_LIBZ 1
| #define STDC_HEADERS 1
| #define HAVE_STDIO_H 1
| #define HAVE_STDLIB_H 1
| #define HAVE_STRING_H 1
| #define HAVE_SYS_SOCKET_H 1
| #define HAVE_NET_IF_H 1
| #define HAVE_LINUX_IF_H 1
| /* end confdefs.h.  */
| #include <stdio.h>
| #ifdef HAVE_SYS_TYPES_H
| # include <sys/types.h>
| #endif
| #ifdef HAVE_SYS_STAT_H
| # include <sys/stat.h>
| #endif
| #ifdef STDC_HEADERS
| # include <stdlib.h>
| # include <stddef.h>
| #else
| # ifdef HAVE_STDLIB_H
| #  include <stdlib.h>
| # endif
| #endif
| #ifdef HAVE_STRING_H
| # if !defined STDC_HEADERS && defined HAVE_MEMORY_H
| #  include <memory.h>
| # endif
| # include <string.h>
| #endif
| #ifdef HAVE_STRINGS_H
| # include <strings.h>
| #endif
| #ifdef HAVE_INTTYPES_H
| # include <inttypes.h>
| #endif
| #ifdef HAVE_STDINT_H
| # include <stdint.h>
| #endif
| #ifdef HAVE_UNISTD_H
| # include <unistd.h>
| #endif
| #include <sys/appleapiopts.h>
configure:19519: result: no
configure:19519: checking sys/appleapiopts.h presence
configure:19519: gcc-4.4 -E  conftest.c
conftest.c:31: fatal error: sys/appleapiopts.h: No such file or directory
compilation terminated.
configure:19519: $? = 1
configure: failed program was:
| /* confdefs.h */
| #define PACKAGE_NAME "wso2-wsf-php-src"
| #define PACKAGE_TARNAME "wso2-wsf-php-src"
| #define PACKAGE_VERSION "2.1.0"
| #define PACKAGE_STRING "wso2-wsf-php-src 2.1.0"
| #define PACKAGE_BUGREPORT ""
| #define PACKAGE_URL ""
| #define PACKAGE "wso2-wsf-php-src"
| #define VERSION "2.1.0"
| #define STDC_HEADERS 1
| #define HAVE_SYS_TYPES_H 1
| #define HAVE_SYS_STAT_H 1
| #define HAVE_STDLIB_H 1
| #define HAVE_STRING_H 1
| #define HAVE_MEMORY_H 1
| #define HAVE_STRINGS_H 1
| #define HAVE_INTTYPES_H 1
| #define HAVE_STDINT_H 1
| #define HAVE_UNISTD_H 1
| #define HAVE_DLFCN_H 1
| #define HAVE_LIBDL 1
| #define HAVE_LIBZ 1
| #define STDC_HEADERS 1
| #define HAVE_STDIO_H 1
| #define HAVE_STDLIB_H 1
| #define HAVE_STRING_H 1
| #define HAVE_SYS_SOCKET_H 1
| #define HAVE_NET_IF_H 1
| #define HAVE_LINUX_IF_H 1
| /* end confdefs.h.  */
| #include <sys/appleapiopts.h>
configure:19519: result: no
configure:19519: checking for sys/appleapiopts.h
configure:19519: result: no
configure:19531: checking whether to build rampart 
configure:19553: result: yes
configure:19559: checking whether to build libxml2 xml parser library
configure:19610: checking for pkg-config
configure:19628: found /usr/bin/pkg-config
configure:19640: result: /usr/bin/pkg-config
configure:19665: checking pkg-config is at least version 0.9.0
configure:19668: result: yes
configure:19780: result: no
configure:19790: checking whether to build guththila xml parser library
configure:19814: result: no
configure:19820: checking whether to use apache2 as server transport
configure:19845: result: no
configure:19851: checking whether to use apr. Note that if you build with apache2 you might need to do this.
configure:19874: result: no
configure:19880: checking whether to build tests
configure:19898: result: no
configure:19907: checking whether to enable trace
configure:19924: result: no
configure:19931: checking whether to enable multi threading
configure:19949: result: yes
configure:19956: checking whether to use openssl
configure:19975: result: yes
configure:19984: checking whether to build dynamic invocation client library
configure:20002: result: yes
configure:20011: result: 
configure:20176: creating ./config.status

## ---------------- ##
## Cache variables. ##
## ---------------- ##

ac_cv_build=x86_64-unknown-linux-gnu
ac_cv_c_compiler_gnu=yes
ac_cv_cxx_compiler_gnu=yes
ac_cv_env_CCC_set=
ac_cv_env_CCC_value=
ac_cv_env_CC_set=set
ac_cv_env_CC_value=gcc-4.4
ac_cv_env_CFLAGS_set=
ac_cv_env_CFLAGS_value=
ac_cv_env_CPPFLAGS_set=
ac_cv_env_CPPFLAGS_value=
ac_cv_env_CPP_set=
ac_cv_env_CPP_value=
ac_cv_env_CXXCPP_set=
ac_cv_env_CXXCPP_value=
ac_cv_env_CXXFLAGS_set=
ac_cv_env_CXXFLAGS_value=
ac_cv_env_CXX_set=
ac_cv_env_CXX_value=
ac_cv_env_F77_set=
ac_cv_env_F77_value=
ac_cv_env_FFLAGS_set=
ac_cv_env_FFLAGS_value=
ac_cv_env_LDFLAGS_set=
ac_cv_env_LDFLAGS_value=
ac_cv_env_LIBS_set=
ac_cv_env_LIBS_value=
ac_cv_env_PARSER_CFLAGS_set=
ac_cv_env_PARSER_CFLAGS_value=
ac_cv_env_PARSER_LIBS_set=
ac_cv_env_PARSER_LIBS_value=
ac_cv_env_PKG_CONFIG_set=
ac_cv_env_PKG_CONFIG_value=
ac_cv_env_build_alias_set=
ac_cv_env_build_alias_value=
ac_cv_env_host_alias_set=
ac_cv_env_host_alias_value=
ac_cv_env_target_alias_set=
ac_cv_env_target_alias_value=
ac_cv_f77_compiler_gnu=no
ac_cv_header_dlfcn_h=yes
ac_cv_header_inttypes_h=yes
ac_cv_header_linux_if_h=yes
ac_cv_header_memory_h=yes
ac_cv_header_net_if_dl_h=no
ac_cv_header_net_if_h=yes
ac_cv_header_net_if_types_h=no
ac_cv_header_stdc=yes
ac_cv_header_stdint_h=yes
ac_cv_header_stdio_h=yes
ac_cv_header_stdlib_h=yes
ac_cv_header_string_h=yes
ac_cv_header_strings_h=yes
ac_cv_header_sys_appleapiopts_h=no
ac_cv_header_sys_socket_h=yes
ac_cv_header_sys_stat_h=yes
ac_cv_header_sys_types_h=yes
ac_cv_header_unistd_h=yes
ac_cv_host=x86_64-unknown-linux-gnu
ac_cv_lib_dl_dlopen=yes
ac_cv_lib_z_inflate=yes
ac_cv_objext=o
ac_cv_path_EGREP='/bin/grep -E'
ac_cv_path_GREP=/bin/grep
ac_cv_path_ac_pt_PKG_CONFIG=/usr/bin/pkg-config
ac_cv_path_install='/usr/bin/install -c'
ac_cv_path_mkdir=/bin/mkdir
ac_cv_prog_AWK=gawk
ac_cv_prog_CPP='gcc-4.4 -E'
ac_cv_prog_CXXCPP='g++ -E'
ac_cv_prog_ac_ct_AR=ar
ac_cv_prog_ac_ct_CC=gcc-4.4
ac_cv_prog_ac_ct_CXX=g++
ac_cv_prog_ac_ct_RANLIB=ranlib
ac_cv_prog_ac_ct_STRIP=strip
ac_cv_prog_cc_c89=
ac_cv_prog_cc_g=yes
ac_cv_prog_cxx_g=yes
ac_cv_prog_f77_g=no
ac_cv_prog_make_make_set=yes
ac_cv_target=x86_64-unknown-linux-gnu
am_cv_CC_dependencies_compiler_type=none
am_cv_CXX_dependencies_compiler_type=none
am_cv_prog_tar_ustar=gnutar
lt_cv_deplibs_check_method=pass_all
lt_cv_file_magic_cmd='$MAGIC_CMD'
lt_cv_file_magic_test_file=
lt_cv_ld_reload_flag=-r
lt_cv_objdir=.libs
lt_cv_path_LD=/usr/bin/ld
lt_cv_path_LDCXX='/usr/bin/ld -m elf_x86_64'
lt_cv_path_NM='/usr/bin/nm -B'
lt_cv_path_SED=/bin/sed
lt_cv_prog_compiler_c_o=yes
lt_cv_prog_compiler_c_o_CXX=yes
lt_cv_prog_compiler_pic_works=yes
lt_cv_prog_compiler_pic_works_CXX=yes
lt_cv_prog_compiler_rtti_exceptions=no
lt_cv_prog_compiler_static_works=yes
lt_cv_prog_compiler_static_works_CXX=yes
lt_cv_prog_gnu_ld=yes
lt_cv_prog_gnu_ldcxx=yes
lt_cv_sys_global_symbol_pipe='sed -n -e '\''s/^.*[ 	]\([ABCDGIRSTW][ABCDGIRSTW]*\)[ 	][ 	]*\([_A-Za-z][_A-Za-z0-9]*\)$/\1 \2 \2/p'\'''
lt_cv_sys_global_symbol_to_c_name_address='sed -n -e '\''s/^: \([^ ]*\) $/  {\"\1\", (lt_ptr) 0},/p'\'' -e '\''s/^[BCDEGRST] \([^ ]*\) \([^ ]*\)$/  {"\2", (lt_ptr) \&\2},/p'\'''
lt_cv_sys_global_symbol_to_cdecl='sed -n -e '\''s/^. .* \(.*\)$/extern int \1;/p'\'''
lt_cv_sys_lib_dlsearch_path_spec='/usr/lib64 /lib64 /usr/lib/x86_64-linux-gnu/libfakeroot /usr/local/lib /lib/x86_64-linux-gnu /usr/lib/x86_64-linux-gnu '
lt_cv_sys_lib_search_path_spec='/usr/lib64 /lib64 /usr/local/lib64'
lt_cv_sys_max_cmd_len=3458764513820540925
lt_lt_cv_prog_compiler_c_o='"yes"'
lt_lt_cv_prog_compiler_c_o_CXX='"yes"'
lt_lt_cv_sys_global_symbol_pipe='"sed -n -e '\''s/^.*[ 	]\\([ABCDGIRSTW][ABCDGIRSTW]*\\)[ 	][ 	]*\\([_A-Za-z][_A-Za-z0-9]*\\)\$/\\1 \\2 \\2/p'\''"'
lt_lt_cv_sys_global_symbol_to_c_name_address='"sed -n -e '\''s/^: \\([^ ]*\\) \$/  {\\\"\\1\\\", (lt_ptr) 0},/p'\'' -e '\''s/^[BCDEGRST] \\([^ ]*\\) \\([^ ]*\\)\$/  {\"\\2\", (lt_ptr) \\&\\2},/p'\''"'
lt_lt_cv_sys_global_symbol_to_cdecl='"sed -n -e '\''s/^. .* \\(.*\\)\$/extern int \\1;/p'\''"'

## ----------------- ##
## Output variables. ##
## ----------------- ##

ACLOCAL='${SHELL} /home/agruet/00_SOURCES/kroknet.io/git/ws02-php5.6/php/missing --run aclocal-1.10'
AMDEPBACKSLASH='\'
AMDEP_FALSE='#'
AMDEP_TRUE=''
AMTAR='${SHELL} /home/agruet/00_SOURCES/kroknet.io/git/ws02-php5.6/php/missing --run tar'
APACHE2BUILD=''
APACHE2INC=''
APRINC=''
AR='ar'
AUTOCONF='${SHELL} /home/agruet/00_SOURCES/kroknet.io/git/ws02-php5.6/php/missing --run autoconf'
AUTOHEADER='${SHELL} /home/agruet/00_SOURCES/kroknet.io/git/ws02-php5.6/php/missing --run autoheader'
AUTOMAKE='${SHELL} /home/agruet/00_SOURCES/kroknet.io/git/ws02-php5.6/php/missing --run automake-1.10'
AWK='gawk'
AXIS2_SSL_ENABLED_FALSE='#'
AXIS2_SSL_ENABLED_TRUE=''
CC='gcc-4.4'
CCDEPMODE='depmode=none'
CFLAGS='-g -O2 -D_LARGEFILE64_SOURCE -ansi -Wall -Wno-implicit-function-declaration  -DAXIS2_SVR_MULTI_THREADED -DAXIS2_SSL_ENABLED'
CPP='gcc-4.4 -E'
CPPFLAGS=''
CXX='g++'
CXXCPP='g++ -E'
CXXDEPMODE='depmode=none'
CXXFLAGS='-g -O2'
CYGPATH_W='echo'
DEFS='-DHAVE_CONFIG_H'
DEPDIR='.deps'
DICLIENT_DIR='diclient'
DSYMUTIL=''
ECHO='echo'
ECHO_C=''
ECHO_N='-n'
ECHO_T=''
EGREP='/bin/grep -E'
EXEEXT=''
EXTENSION_DIR=''
F77=''
FFLAGS=''
GREP='/bin/grep'
GUTHTHILA_DIR=''
GUTHTHILA_LIBS=''
INSTALL_DATA='${INSTALL} -m 644'
INSTALL_PROGRAM='${INSTALL}'
INSTALL_SCRIPT='${INSTALL}'
INSTALL_STRIP_PROGRAM='$(install_sh) -c -s'
LDFLAGS=' -lpthread'
LIBOBJS=''
LIBS='-lz -ldl '
LIBTOOL='$(SHELL) $(top_builddir)/libtool'
LN_S='ln -s'
LTLIBOBJS=''
MAKEINFO='${SHELL} /home/agruet/00_SOURCES/kroknet.io/git/ws02-php5.6/php/missing --run makeinfo'
MKDIR_P='/bin/mkdir -p'
NMEDIT=''
OBJEXT='o'
PACKAGE='wso2-wsf-php-src'
PACKAGE_BUGREPORT=''
PACKAGE_NAME='wso2-wsf-php-src'
PACKAGE_STRING='wso2-wsf-php-src 2.1.0'
PACKAGE_TARNAME='wso2-wsf-php-src'
PACKAGE_URL=''
PACKAGE_VERSION='2.1.0'
PARSER_CFLAGS=''
PARSER_DIR=''
PARSER_LIBS=''
PATH_SEPARATOR=':'
PKG_CONFIG='/usr/bin/pkg-config'
RAMPART_DIR=''
RANLIB='ranlib'
SAMPLES=''
SED='/bin/sed'
SET_MAKE=''
SHELL='/bin/bash'
STRIP='strip'
TESTDIR=''
VERSION='2.1.0'
WRAPPER_DIR='libxml2'
ac_ct_CC='gcc-4.4'
ac_ct_CXX='g++'
ac_ct_F77=''
am__fastdepCC_FALSE=''
am__fastdepCC_TRUE='#'
am__fastdepCXX_FALSE=''
am__fastdepCXX_TRUE='#'
am__include='include'
am__isrc=''
am__leading_dot='.'
am__quote=''
am__tar='tar --format=ustar -chf - "$$tardir"'
am__untar='tar -xf -'
bindir='${exec_prefix}/bin'
build='x86_64-unknown-linux-gnu'
build_alias=''
build_cpu='x86_64'
build_os='linux-gnu'
build_vendor='unknown'
datadir='${datarootdir}'
datarootdir='${prefix}/share'
docdir='${datarootdir}/doc/${PACKAGE_TARNAME}'
dvidir='${docdir}'
exec_prefix='${prefix}'
host='x86_64-unknown-linux-gnu'
host_alias=''
host_cpu='x86_64'
host_os='linux-gnu'
host_vendor='unknown'
htmldir='${docdir}'
includedir='${prefix}/include'
infodir='${datarootdir}/info'
install_sh='$(SHELL) /home/agruet/00_SOURCES/kroknet.io/git/ws02-php5.6/php/install-sh'
libdir='${exec_prefix}/lib'
libexecdir='${exec_prefix}/libexec'
localedir='${datarootdir}/locale'
localstatedir='${prefix}/var'
mandir='${datarootdir}/man'
mkdir_p='/bin/mkdir -p'
oldincludedir='/usr/include'
pdfdir='${docdir}'
prefix='/usr/local/wsf_c'
program_transform_name='s,x,x,'
psdir='${docdir}'
sbindir='${exec_prefix}/sbin'
sharedstatedir='${prefix}/com'
subdirs=' src wsf_c'
sysconfdir='${prefix}/etc'
target='x86_64-unknown-linux-gnu'
target_alias=''
target_cpu='x86_64'
target_os='linux-gnu'
target_vendor='unknown'

## ----------- ##
## confdefs.h. ##
## ----------- ##

/* confdefs.h */
#define PACKAGE_NAME "wso2-wsf-php-src"
#define PACKAGE_TARNAME "wso2-wsf-php-src"
#define PACKAGE_VERSION "2.1.0"
#define PACKAGE_STRING "wso2-wsf-php-src 2.1.0"
#define PACKAGE_BUGREPORT ""
#define PACKAGE_URL ""
#define PACKAGE "wso2-wsf-php-src"
#define VERSION "2.1.0"
#define STDC_HEADERS 1
#define HAVE_SYS_TYPES_H 1
#define HAVE_SYS_STAT_H 1
#define HAVE_STDLIB_H 1
#define HAVE_STRING_H 1
#define HAVE_MEMORY_H 1
#define HAVE_STRINGS_H 1
#define HAVE_INTTYPES_H 1
#define HAVE_STDINT_H 1
#define HAVE_UNISTD_H 1
#define HAVE_DLFCN_H 1
#define HAVE_LIBDL 1
#define HAVE_LIBZ 1
#define STDC_HEADERS 1
#define HAVE_STDIO_H 1
#define HAVE_STDLIB_H 1
#define HAVE_STRING_H 1
#define HAVE_SYS_SOCKET_H 1
#define HAVE_NET_IF_H 1
#define HAVE_LINUX_IF_H 1

configure: exit 0

## ---------------------- ##
## Running config.status. ##
## ---------------------- ##

This file was extended by wso2-wsf-php-src config.status 2.1.0, which was
generated by GNU Autoconf 2.69.  Invocation command line was

  CONFIG_FILES    = 
  CONFIG_HEADERS  = 
  CONFIG_LINKS    = 
  CONFIG_COMMANDS = 
  $ ./config.status 

on kroknet-lab

config.status:905: creating Makefile
config.status:905: creating config.h
config.status:1086: config.h is unchanged
config.status:1134: executing depfiles commands
config.status:1134: executing wsf commands
config.status:1134: executing php commands

## ---------------------- ##
## Running config.status. ##
## ---------------------- ##

This file was extended by wso2-wsf-php-src config.status 2.1.0, which was
generated by GNU Autoconf 2.69.  Invocation command line was

  CONFIG_FILES    = 
  CONFIG_HEADERS  = 
  CONFIG_LINKS    = 
  CONFIG_COMMANDS = 
  $ ./config.status config.h

on kroknet-lab

config.status:905: creating config.h
config.status:1086: config.h is unchanged
